#
# There is insufficient memory for the Java Runtime Environment to continue.
# Native memory allocation (malloc) failed to allocate 179306496 bytes for committing reserved memory.
# Possible reasons:
#   The system is out of physical RAM or swap space
#   In 32 bit mode, the process size limit was hit
# Possible solutions:
#   Reduce memory load on the system
#   Increase physical memory or swap space
#   Check if swap backing store is full
#   Use 64 bit Java on a 64 bit OS
#   Decrease Java heap size (-Xmx/-Xms)
#   Decrease number of Java threads
#   Decrease Java thread stack sizes (-Xss)
#   Set larger code cache with -XX:ReservedCodeCacheSize=
# This output file may be truncated or incomplete.
#
#  Out of Memory Error (os_linux.cpp:2827), pid=25145, tid=140326186481408
#
# JRE version: OpenJDK Runtime Environment (7.0_91-b02) (build 1.7.0_91-b02)
# Java VM: OpenJDK 64-Bit Server VM (24.91-b01 mixed mode linux-amd64 compressed oops)
# Derivative: IcedTea 2.6.3
# Distribution: Debian GNU/Linux unstable (sid), package 7u91-2.6.3-1
# Failed to write core dump. Core dumps have been disabled. To enable core dumping, try "ulimit -c unlimited" before starting Java again
#

---------------  T H R E A D  ---------------

Current thread (0x00007fa04007e800):  VMThread [stack: 0x00007fa03c6f7000,0x00007fa03c7f8000] [id=25158]

Stack: [0x00007fa03c6f7000,0x00007fa03c7f8000],  sp=0x00007fa03c7f64f0,  free space=1021k
Native frames: (J=compiled Java code, j=interpreted, Vv=VM code, C=native code)
V  [libjvm.so+0x9948e3]  VMError::report_and_die()+0x183
V  [libjvm.so+0x48a94f]  report_vm_out_of_memory(char const*, int, unsigned long, char const*)+0x8f
V  [libjvm.so+0x8013cb]  os::pd_commit_memory(char*, unsigned long, unsigned long, bool)+0xeb
V  [libjvm.so+0x7fb7be]  os::commit_memory(char*, unsigned long, unsigned long, bool)+0x2e
V  [libjvm.so+0x871bdb]  PSVirtualSpace::expand_by(unsigned long)+0x5b
V  [libjvm.so+0x873523]  PSYoungGen::resize(unsigned long, unsigned long)+0x103
V  [libjvm.so+0x86f7a8]  PSScavenge::invoke_no_policy()+0x14b8
V  [libjvm.so+0x86fa8c]  PSScavenge::invoke()+0x4c
V  [libjvm.so+0x824d83]  ParallelScavengeHeap::failed_mem_allocate(unsigned long)+0x63
V  [libjvm.so+0x996382]  VM_ParallelGCFailedAllocation::doit()+0x92
V  [libjvm.so+0x99b0c7]  VM_Operation::evaluate()+0x47
V  [libjvm.so+0x998958]  VMThread::evaluate_operation(VM_Operation*) [clone .constprop.31]+0xb8
V  [libjvm.so+0x999ccf]  VMThread::loop()+0x24f
V  [libjvm.so+0x99a1c1]  VMThread::run()+0x81
V  [libjvm.so+0x7fe2f2]  java_start(Thread*)+0xf2

VM_Operation (0x00007fa0238f90c0): ParallelGCFailedAllocation, mode: safepoint, requested by thread 0x00007fa0401a2000


---------------  P R O C E S S  ---------------

Java Threads: ( => current thread )
  0x00007fa0401a2000 JavaThread "pool-1-thread-4" [_thread_blocked, id=25173, stack(0x00007fa0237fa000,0x00007fa0238fb000)]
  0x00007fa0401a0800 JavaThread "pool-1-thread-3" [_thread_blocked, id=25170, stack(0x00007fa0238fb000,0x00007fa0239fc000)]
  0x00007fa04019f000 JavaThread "pool-1-thread-2" [_thread_blocked, id=25169, stack(0x00007fa0239fc000,0x00007fa023afd000)]
  0x00007fa04019d000 JavaThread "pool-2-thread-1" [_thread_blocked, id=25168, stack(0x00007fa023afd000,0x00007fa023bfe000)]
  0x00007fa04019b000 JavaThread "pool-1-thread-1" [_thread_blocked, id=25167, stack(0x00007fa023bfe000,0x00007fa023cff000)]
  0x00007fa0400ba000 JavaThread "Service Thread" daemon [_thread_blocked, id=25164, stack(0x00007fa0298ce000,0x00007fa0299cf000)]
  0x00007fa0400b8000 JavaThread "C2 CompilerThread1" daemon [_thread_in_native, id=25163, stack(0x00007fa0299cf000,0x00007fa029ad0000)]
  0x00007fa0400b5000 JavaThread "C2 CompilerThread0" daemon [_thread_blocked, id=25162, stack(0x00007fa03c039000,0x00007fa03c13a000)]
  0x00007fa0400b3000 JavaThread "Signal Dispatcher" daemon [_thread_blocked, id=25161, stack(0x00007fa03c13a000,0x00007fa03c23b000)]
  0x00007fa040085000 JavaThread "Finalizer" daemon [_thread_blocked, id=25160, stack(0x00007fa03c4f5000,0x00007fa03c5f6000)]
  0x00007fa040083000 JavaThread "Reference Handler" daemon [_thread_blocked, id=25159, stack(0x00007fa03c5f6000,0x00007fa03c6f7000)]
  0x00007fa04000a800 JavaThread "main" [_thread_blocked, id=25148, stack(0x00007fa049a60000,0x00007fa049b61000)]

Other Threads:
=>0x00007fa04007e800 VMThread [stack: 0x00007fa03c6f7000,0x00007fa03c7f8000] [id=25158]
  0x00007fa0400c4800 WatcherThread [stack: 0x00007fa0297cd000,0x00007fa0298ce000] [id=25165]

VM state:at safepoint (normal execution)

VM Mutex/Monitor currently owned by a thread:  ([mutex/lock_event])
[0x00007fa040006a80] Threads_lock - owner thread: 0x00007fa04007e800
[0x00007fa040006f80] Heap_lock - owner thread: 0x00007fa0401a2000

Heap
 PSYoungGen      total 134144K, used 5107K [0x00000000eaa80000, 0x00000000f3280000, 0x0000000100000000)
  eden space 129024K, 0% used [0x00000000eaa80000,0x00000000eaa80000,0x00000000f2880000)
  from space 5120K, 99% used [0x00000000f2880000,0x00000000f2d7ccc8,0x00000000f2d80000)
  to   space 5120K, 0% used [0x00000000f2d80000,0x00000000f2d80000,0x00000000f3280000)
 ParOldGen       total 84480K, used 43806K [0x00000000c0000000, 0x00000000c5280000, 0x00000000eaa80000)
  object space 84480K, 51% used [0x00000000c0000000,0x00000000c2ac7b60,0x00000000c5280000)
 PSPermGen       total 21504K, used 6362K [0x00000000b5a00000, 0x00000000b6f00000, 0x00000000c0000000)
  object space 21504K, 29% used [0x00000000b5a00000,0x00000000b6036b48,0x00000000b6f00000)

Card table byte_map: [0x00007fa0463e3000,0x00007fa046637000] byte_map_base: 0x00007fa045e36000

Polling page: 0x00007fa049b90000

Code Cache  [0x00007fa03d000000, 0x00007fa03d270000, 0x00007fa040000000)
 total_blobs=552 nmethods=321 adapters=184 free_code_cache=47551Kb largest_free_block=48638592

Compilation events (10 events):
Event: 17,625 Thread 0x00007fa0400b5000 nmethod 327 0x00007fa03d0c7c90 code [0x00007fa03d0c7de0, 0x00007fa03d0c7ed8]
Event: 17,625 Thread 0x00007fa0400b5000  328             java.util.HashSet::<init> (16 bytes)
Event: 17,626 Thread 0x00007fa0400b5000 nmethod 328 0x00007fa03d080d50 code [0x00007fa03d080ea0, 0x00007fa03d080fb8]
Event: 17,626 Thread 0x00007fa0400b5000  329             com.android.dx.ssa.SsaMethod$2::visitNonMoveInsn (6 bytes)
Event: 17,626 Thread 0x00007fa0400b5000 nmethod 329 0x00007fa03d122490 code [0x00007fa03d1225e0, 0x00007fa03d122648]
Event: 17,626 Thread 0x00007fa0400b5000  330             java.util.ArrayList::clear (39 bytes)
Event: 17,628 Thread 0x00007fa0400b5000 nmethod 330 0x00007fa03d17efd0 code [0x00007fa03d17f100, 0x00007fa03d17f1d8]
Event: 17,628 Thread 0x00007fa0400b5000  331             com.android.dx.cf.code.BaseMachine::storeResults (90 bytes)
Event: 17,667 Thread 0x00007fa0400b5000 nmethod 331 0x00007fa03d0bf450 code [0x00007fa03d0bf6e0, 0x00007fa03d0c0360]
Event: 17,667 Thread 0x00007fa0400b5000  332             com.android.dx.cf.code.RopperMachine::getSources (264 bytes)

GC Heap History (9 events):
Event: 2,631 GC heap before
{Heap before GC invocations=1 (full 0):
 PSYoungGen      total 37376K, used 32256K [0x00000000eaa80000, 0x00000000ed400000, 0x0000000100000000)
  eden space 32256K, 100% used [0x00000000eaa80000,0x00000000eca00000,0x00000000eca00000)
  from space 5120K, 0% used [0x00000000ecf00000,0x00000000ecf00000,0x00000000ed400000)
  to   space 5120K, 0% used [0x00000000eca00000,0x00000000eca00000,0x00000000ecf00000)
 ParOldGen       total 84480K, used 0K [0x00000000c0000000, 0x00000000c5280000, 0x00000000eaa80000)
  object space 84480K, 0% used [0x00000000c0000000,0x00000000c0000000,0x00000000c5280000)
 PSPermGen       total 21504K, used 5955K [0x00000000b5a00000, 0x00000000b6f00000, 0x00000000c0000000)
  object space 21504K, 27% used [0x00000000b5a00000,0x00000000b5fd0ff8,0x00000000b6f00000)
Event: 2,670 GC heap after
Heap after GC invocations=1 (full 0):
 PSYoungGen      total 37376K, used 4948K [0x00000000eaa80000, 0x00000000ef380000, 0x0000000100000000)
  eden space 32256K, 0% used [0x00000000eaa80000,0x00000000eaa80000,0x00000000eca00000)
  from space 5120K, 96% used [0x00000000eca00000,0x00000000eced5328,0x00000000ecf00000)
  to   space 5120K, 0% used [0x00000000eee80000,0x00000000eee80000,0x00000000ef380000)
 ParOldGen       total 84480K, used 0K [0x00000000c0000000, 0x00000000c5280000, 0x00000000eaa80000)
  object space 84480K, 0% used [0x00000000c0000000,0x00000000c0000000,0x00000000c5280000)
 PSPermGen       total 21504K, used 5955K [0x00000000b5a00000, 0x00000000b6f00000, 0x00000000c0000000)
  object space 21504K, 27% used [0x00000000b5a00000,0x00000000b5fd0ff8,0x00000000b6f00000)
}
Event: 7,902 GC heap before
{Heap before GC invocations=2 (full 0):
 PSYoungGen      total 37376K, used 37204K [0x00000000eaa80000, 0x00000000ef380000, 0x0000000100000000)
  eden space 32256K, 100% used [0x00000000eaa80000,0x00000000eca00000,0x00000000eca00000)
  from space 5120K, 96% used [0x00000000eca00000,0x00000000eced5328,0x00000000ecf00000)
  to   space 5120K, 0% used [0x00000000eee80000,0x00000000eee80000,0x00000000ef380000)
 ParOldGen       total 84480K, used 0K [0x00000000c0000000, 0x00000000c5280000, 0x00000000eaa80000)
  object space 84480K, 0% used [0x00000000c0000000,0x00000000c0000000,0x00000000c5280000)
 PSPermGen       total 21504K, used 6155K [0x00000000b5a00000, 0x00000000b6f00000, 0x00000000c0000000)
  object space 21504K, 28% used [0x00000000b5a00000,0x00000000b6002fc0,0x00000000b6f00000)
Event: 7,972 GC heap after
Heap after GC invocations=2 (full 0):
 PSYoungGen      total 69632K, used 5118K [0x00000000eaa80000, 0x00000000ef380000, 0x0000000100000000)
  eden space 64512K, 0% used [0x00000000eaa80000,0x00000000eaa80000,0x00000000ee980000)
  from space 5120K, 99% used [0x00000000eee80000,0x00000000ef37f8e8,0x00000000ef380000)
  to   space 5120K, 0% used [0x00000000ee980000,0x00000000ee980000,0x00000000eee80000)
 ParOldGen       total 84480K, used 3147K [0x00000000c0000000, 0x00000000c5280000, 0x00000000eaa80000)
  object space 84480K, 3% used [0x00000000c0000000,0x00000000c0312d90,0x00000000c5280000)
 PSPermGen       total 21504K, used 6155K [0x00000000b5a00000, 0x00000000b6f00000, 0x00000000c0000000)
  object space 21504K, 28% used [0x00000000b5a00000,0x00000000b6002fc0,0x00000000b6f00000)
}
Event: 11,451 GC heap before
{Heap before GC invocations=3 (full 0):
 PSYoungGen      total 69632K, used 69630K [0x00000000eaa80000, 0x00000000ef380000, 0x0000000100000000)
  eden space 64512K, 100% used [0x00000000eaa80000,0x00000000ee980000,0x00000000ee980000)
  from space 5120K, 99% used [0x00000000eee80000,0x00000000ef37f8e8,0x00000000ef380000)
  to   space 5120K, 0% used [0x00000000ee980000,0x00000000ee980000,0x00000000eee80000)
 ParOldGen       total 84480K, used 3147K [0x00000000c0000000, 0x00000000c5280000, 0x00000000eaa80000)
  object space 84480K, 3% used [0x00000000c0000000,0x00000000c0312d90,0x00000000c5280000)
 PSPermGen       total 21504K, used 6220K [0x00000000b5a00000, 0x00000000b6f00000, 0x00000000c0000000)
  object space 21504K, 28% used [0x00000000b5a00000,0x00000000b6013390,0x00000000b6f00000)
Event: 11,521 GC heap after
Heap after GC invocations=3 (full 0):
 PSYoungGen      total 69632K, used 5099K [0x00000000eaa80000, 0x00000000f3280000, 0x0000000100000000)
  eden space 64512K, 0% used [0x00000000eaa80000,0x00000000eaa80000,0x00000000ee980000)
  from space 5120K, 99% used [0x00000000ee980000,0x00000000eee7af70,0x00000000eee80000)
  to   space 5120K, 0% used [0x00000000f2d80000,0x00000000f2d80000,0x00000000f3280000)
 ParOldGen       total 84480K, used 12936K [0x00000000c0000000, 0x00000000c5280000, 0x00000000eaa80000)
  object space 84480K, 15% used [0x00000000c0000000,0x00000000c0ca23c0,0x00000000c5280000)
 PSPermGen       total 21504K, used 6220K [0x00000000b5a00000, 0x00000000b6f00000, 0x00000000c0000000)
  object space 21504K, 28% used [0x00000000b5a00000,0x00000000b6013390,0x00000000b6f00000)
}
Event: 14,121 GC heap before
{Heap before GC invocations=4 (full 0):
 PSYoungGen      total 69632K, used 69611K [0x00000000eaa80000, 0x00000000f3280000, 0x0000000100000000)
  eden space 64512K, 100% used [0x00000000eaa80000,0x00000000ee980000,0x00000000ee980000)
  from space 5120K, 99% used [0x00000000ee980000,0x00000000eee7af70,0x00000000eee80000)
  to   space 5120K, 0% used [0x00000000f2d80000,0x00000000f2d80000,0x00000000f3280000)
 ParOldGen       total 84480K, used 12936K [0x00000000c0000000, 0x00000000c5280000, 0x00000000eaa80000)
  object space 84480K, 15% used [0x00000000c0000000,0x00000000c0ca23c0,0x00000000c5280000)
 PSPermGen       total 21504K, used 6274K [0x00000000b5a00000, 0x00000000b6f00000, 0x00000000c0000000)
  object space 21504K, 29% used [0x00000000b5a00000,0x00000000b60208c8,0x00000000b6f00000)
Event: 14,197 GC heap after
Heap after GC invocations=4 (full 0):
 PSYoungGen      total 134144K, used 5116K [0x00000000eaa80000, 0x00000000f3280000, 0x0000000100000000)
  eden space 129024K, 0% used [0x00000000eaa80000,0x00000000eaa80000,0x00000000f2880000)
  from space 5120K, 99% used [0x00000000f2d80000,0x00000000f327f2f8,0x00000000f3280000)
  to   space 5120K, 0% used [0x00000000f2880000,0x00000000f2880000,0x00000000f2d80000)
 ParOldGen       total 84480K, used 23213K [0x00000000c0000000, 0x00000000c5280000, 0x00000000eaa80000)
  object space 84480K, 27% used [0x00000000c0000000,0x00000000c16ab7c0,0x00000000c5280000)
 PSPermGen       total 21504K, used 6274K [0x00000000b5a00000, 0x00000000b6f00000, 0x00000000c0000000)
  object space 21504K, 29% used [0x00000000b5a00000,0x00000000b60208c8,0x00000000b6f00000)
}
Event: 17,695 GC heap before
{Heap before GC invocations=5 (full 0):
 PSYoungGen      total 134144K, used 134140K [0x00000000eaa80000, 0x00000000f3280000, 0x0000000100000000)
  eden space 129024K, 100% used [0x00000000eaa80000,0x00000000f2880000,0x00000000f2880000)
  from space 5120K, 99% used [0x00000000f2d80000,0x00000000f327f2f8,0x00000000f3280000)
  to   space 5120K, 0% used [0x00000000f2880000,0x00000000f2880000,0x00000000f2d80000)
 ParOldGen       total 84480K, used 23213K [0x00000000c0000000, 0x00000000c5280000, 0x00000000eaa80000)
  object space 84480K, 27% used [0x00000000c0000000,0x00000000c16ab7c0,0x00000000c5280000)
 PSPermGen       total 21504K, used 6362K [0x00000000b5a00000, 0x00000000b6f00000, 0x00000000c0000000)
  object space 21504K, 29% used [0x00000000b5a00000,0x00000000b6036b48,0x00000000b6f00000)

Deoptimization events (10 events):
Event: 9,006 Thread 0x00007fa04019f000 Uncommon trap: reason=class_check action=maybe_recompile pc=0x00007fa03d0b4a9c method=java.util.HashMap.put(Ljava/lang/Object;Ljava/lang/Object;)Ljava/lang/Object; @ 83
Event: 9,006 Thread 0x00007fa04019f000 Uncommon trap: reason=class_check action=maybe_recompile pc=0x00007fa03d0b4a9c method=java.util.HashMap.put(Ljava/lang/Object;Ljava/lang/Object;)Ljava/lang/Object; @ 83
Event: 9,006 Thread 0x00007fa04019f000 Uncommon trap: reason=class_check action=maybe_recompile pc=0x00007fa03d0b4a9c method=java.util.HashMap.put(Ljava/lang/Object;Ljava/lang/Object;)Ljava/lang/Object; @ 83
Event: 10,935 Thread 0x00007fa0401a2000 Uncommon trap: reason=unstable_if action=reinterpret pc=0x00007fa03d091234 method=com.android.dx.util.IntList.binarysearch(I)I @ 105
Event: 13,574 Thread 0x00007fa04019f000 Uncommon trap: reason=unstable_if action=reinterpret pc=0x00007fa03d0dbcac method=com.android.dx.ssa.SCCP.simulateBranch(Lcom/android/dx/ssa/SsaInsn;)V @ 64
Event: 13,704 Thread 0x00007fa04019f000 Uncommon trap: reason=class_check action=maybe_recompile pc=0x00007fa03d0fc3c0 method=com.android.dx.rop.code.RegisterSpec.withSimpleType()Lcom/android/dx/rop/code/RegisterSpec; @ 21
Event: 15,207 Thread 0x00007fa0401a0800 Uncommon trap: reason=null_check action=make_not_entrant pc=0x00007fa03d12c590 method=com.android.dx.cf.code.Ropper$CatchInfo.getSetup(Lcom/android/dx/rop/type/Type;)Lcom/android/dx/cf/code/Ropper$ExceptionHandlerSetup; @ 10
Event: 16,443 Thread 0x00007fa0401a0800 Uncommon trap: reason=unstable_if action=reinterpret pc=0x00007fa03d158474 method=java.util.BitSet.ensureCapacity(I)V @ 6
Event: 16,446 Thread 0x00007fa04019b000 Uncommon trap: reason=unstable_if action=reinterpret pc=0x00007fa03d0ef62c method=com.android.dx.ssa.Dominators.run()V @ 346
Event: 16,918 Thread 0x00007fa04019b000 Uncommon trap: reason=unstable_if action=reinterpret pc=0x00007fa03d139ec0 method=com.android.dx.ssa.SCCP.simulateStmt(Lcom/android/dx/ssa/SsaInsn;)V @ 59

Internal exceptions (10 events):
Event: 2,204 Thread 0x00007fa04019f000 Threw 0x00000000ec323e38 at /home/packages/openjdk/7/openjdk-7-7u91-2.6.3/build/openjdk/hotspot/src/share/vm/prims/jvm.cpp:1322
Event: 2,459 Thread 0x00007fa04019b000 Threw 0x00000000ec6a9750 at /home/packages/openjdk/7/openjdk-7-7u91-2.6.3/build/openjdk/hotspot/src/share/vm/prims/jvm.cpp:1322
Event: 2,721 Thread 0x00007fa04019f000 Threw 0x00000000eac95a60 at /home/packages/openjdk/7/openjdk-7-7u91-2.6.3/build/openjdk/hotspot/src/share/vm/prims/jvm.cpp:1322
Event: 3,321 Thread 0x00007fa04000a800 Implicit null exception at 0x00007fa03d0a080f to 0x00007fa03d0a0ef5
Event: 8,222 Thread 0x00007fa0401a0800 Implicit null exception at 0x00007fa03d0c1bca to 0x00007fa03d0c38d5
Event: 8,445 Thread 0x00007fa04000a800 Threw 0x00000000eb2f78a8 at /home/packages/openjdk/7/openjdk-7-7u91-2.6.3/build/openjdk/hotspot/src/share/vm/prims/jvm.cpp:1322
Event: 9,108 Thread 0x00007fa0401a0800 Threw 0x00000000ec19bbb8 at /home/packages/openjdk/7/openjdk-7-7u91-2.6.3/build/openjdk/hotspot/src/share/vm/prims/jvm.cpp:1322
Event: 9,529 Thread 0x00007fa0401a0800 Threw 0x00000000ec645350 at /home/packages/openjdk/7/openjdk-7-7u91-2.6.3/build/openjdk/hotspot/src/share/vm/prims/jvm.cpp:1322
Event: 14,404 Thread 0x00007fa04000a800 Threw 0x00000000eafc5708 at /home/packages/openjdk/7/openjdk-7-7u91-2.6.3/build/openjdk/hotspot/src/share/vm/prims/jvm.cpp:1322
Event: 15,207 Thread 0x00007fa0401a0800 Implicit null exception at 0x00007fa03d128719 to 0x00007fa03d12c549

Events (10 events):
Event: 16,443 Thread 0x00007fa0401a0800 DEOPT UNPACKING pc=0x00007fa03d039445 sp=0x00007fa0239fa0a8 mode 2
Event: 16,446 Thread 0x00007fa04019b000 Uncommon trap: trap_request=0xffffff75 fr.pc=0x00007fa03d0ef62c
Event: 16,446 Thread 0x00007fa04019b000 DEOPT PACKING pc=0x00007fa03d0ef62c sp=0x00007fa023cfd0a0
Event: 16,446 Thread 0x00007fa04019b000 DEOPT UNPACKING pc=0x00007fa03d039445 sp=0x00007fa023cfd0c8 mode 2
Event: 16,505 Thread 0x00007fa0400b8000 flushing nmethod 0x00007fa03d0bab50
Event: 16,505 Thread 0x00007fa0400b8000 flushing nmethod 0x00007fa03d0c0850
Event: 16,918 Thread 0x00007fa04019b000 Uncommon trap: trap_request=0xffffff75 fr.pc=0x00007fa03d139ec0
Event: 16,918 Thread 0x00007fa04019b000 DEOPT PACKING pc=0x00007fa03d139ec0 sp=0x00007fa023cfd210
Event: 16,918 Thread 0x00007fa04019b000 DEOPT UNPACKING pc=0x00007fa03d039445 sp=0x00007fa023cfd1b8 mode 2
Event: 17,683 Executing VM operation: ParallelGCFailedAllocation


Dynamic libraries:
00400000-00401000 r-xp 00000000 08:13 2753713                            /usr/lib/jvm/java-7-openjdk-amd64/jre/bin/java
00600000-00601000 r--p 00000000 08:13 2753713                            /usr/lib/jvm/java-7-openjdk-amd64/jre/bin/java
00601000-00602000 rw-p 00001000 08:13 2753713                            /usr/lib/jvm/java-7-openjdk-amd64/jre/bin/java
018ac000-018cd000 rw-p 00000000 00:00 0                                  [heap]
b5a00000-b6f00000 rw-p 00000000 00:00 0 
b6f00000-c0000000 rw-p 00000000 00:00 0 
c0000000-c5280000 rw-p 00000000 00:00 0 
c5280000-eaa80000 rw-p 00000000 00:00 0 
eaa80000-f3280000 rw-p 00000000 00:00 0 
fdd80000-100000000 rw-p 00000000 00:00 0 
7f9fdc000000-7f9fdc021000 rw-p 00000000 00:00 0 
7f9fdc021000-7f9fe0000000 ---p 00000000 00:00 0 
7f9fe4000000-7f9fe4038000 rw-p 00000000 00:00 0 
7f9fe4038000-7f9fe8000000 ---p 00000000 00:00 0 
7f9fe8000000-7f9fe8039000 rw-p 00000000 00:00 0 
7f9fe8039000-7f9fec000000 ---p 00000000 00:00 0 
7f9fec000000-7f9fec021000 rw-p 00000000 00:00 0 
7f9fec021000-7f9ff0000000 ---p 00000000 00:00 0 
7f9ff0000000-7f9ff0021000 rw-p 00000000 00:00 0 
7f9ff0021000-7f9ff4000000 ---p 00000000 00:00 0 
7f9ff4000000-7f9ff4021000 rw-p 00000000 00:00 0 
7f9ff4021000-7f9ff8000000 ---p 00000000 00:00 0 
7f9ff8000000-7f9ff8021000 rw-p 00000000 00:00 0 
7f9ff8021000-7f9ffc000000 ---p 00000000 00:00 0 
7f9ffc000000-7f9ffd96e000 rw-p 00000000 00:00 0 
7f9ffd96e000-7fa000000000 ---p 00000000 00:00 0 
7fa000000000-7fa001d4e000 rw-p 00000000 00:00 0 
7fa001d4e000-7fa004000000 ---p 00000000 00:00 0 
7fa004000000-7fa004021000 rw-p 00000000 00:00 0 
7fa004021000-7fa008000000 ---p 00000000 00:00 0 
7fa008000000-7fa008021000 rw-p 00000000 00:00 0 
7fa008021000-7fa00c000000 ---p 00000000 00:00 0 
7fa00c000000-7fa00c23f000 rw-p 00000000 00:00 0 
7fa00c23f000-7fa010000000 ---p 00000000 00:00 0 
7fa010000000-7fa010021000 rw-p 00000000 00:00 0 
7fa010021000-7fa014000000 ---p 00000000 00:00 0 
7fa014000000-7fa014021000 rw-p 00000000 00:00 0 
7fa014021000-7fa018000000 ---p 00000000 00:00 0 
7fa018000000-7fa018021000 rw-p 00000000 00:00 0 
7fa018021000-7fa01c000000 ---p 00000000 00:00 0 
7fa01c000000-7fa01c021000 rw-p 00000000 00:00 0 
7fa01c021000-7fa020000000 ---p 00000000 00:00 0 
7fa0237fa000-7fa0237fd000 ---p 00000000 00:00 0 
7fa0237fd000-7fa0238fb000 rw-p 00000000 00:00 0                          [stack:25173]
7fa0238fb000-7fa0238fe000 ---p 00000000 00:00 0 
7fa0238fe000-7fa0239fc000 rw-p 00000000 00:00 0                          [stack:25170]
7fa0239fc000-7fa0239ff000 ---p 00000000 00:00 0 
7fa0239ff000-7fa023afd000 rw-p 00000000 00:00 0                          [stack:25169]
7fa023afd000-7fa023b00000 ---p 00000000 00:00 0 
7fa023b00000-7fa023bfe000 rw-p 00000000 00:00 0                          [stack:25168]
7fa023bfe000-7fa023c01000 ---p 00000000 00:00 0 
7fa023c01000-7fa024000000 rw-p 00000000 00:00 0                          [stack:25167]
7fa024000000-7fa024021000 rw-p 00000000 00:00 0 
7fa024021000-7fa028000000 ---p 00000000 00:00 0 
7fa02800c000-7fa028078000 r-xp 00000000 08:13 1704003                    /lib/x86_64-linux-gnu/libpcre.so.3.13.1
7fa028078000-7fa028277000 ---p 0006c000 08:13 1704003                    /lib/x86_64-linux-gnu/libpcre.so.3.13.1
7fa028277000-7fa028278000 r--p 0006b000 08:13 1704003                    /lib/x86_64-linux-gnu/libpcre.so.3.13.1
7fa028278000-7fa028279000 rw-p 0006c000 08:13 1704003                    /lib/x86_64-linux-gnu/libpcre.so.3.13.1
7fa028279000-7fa028280000 r-xp 00000000 08:13 2753657                    /usr/lib/x86_64-linux-gnu/libffi.so.6.0.4
7fa028280000-7fa028480000 ---p 00007000 08:13 2753657                    /usr/lib/x86_64-linux-gnu/libffi.so.6.0.4
7fa028480000-7fa028481000 r--p 00007000 08:13 2753657                    /usr/lib/x86_64-linux-gnu/libffi.so.6.0.4
7fa028481000-7fa028482000 rw-p 00008000 08:13 2753657                    /usr/lib/x86_64-linux-gnu/libffi.so.6.0.4
7fa028482000-7fa028496000 r-xp 00000000 08:13 1704671                    /lib/x86_64-linux-gnu/libresolv-2.21.so
7fa028496000-7fa028695000 ---p 00014000 08:13 1704671                    /lib/x86_64-linux-gnu/libresolv-2.21.so
7fa028695000-7fa028696000 r--p 00013000 08:13 1704671                    /lib/x86_64-linux-gnu/libresolv-2.21.so
7fa028696000-7fa028697000 rw-p 00014000 08:13 1704671                    /lib/x86_64-linux-gnu/libresolv-2.21.so
7fa028697000-7fa028699000 rw-p 00000000 00:00 0 
7fa028699000-7fa0286b8000 r-xp 00000000 08:13 1704066                    /lib/x86_64-linux-gnu/libselinux.so.1
7fa0286b8000-7fa0288b7000 ---p 0001f000 08:13 1704066                    /lib/x86_64-linux-gnu/libselinux.so.1
7fa0288b7000-7fa0288b8000 r--p 0001e000 08:13 1704066                    /lib/x86_64-linux-gnu/libselinux.so.1
7fa0288b8000-7fa0288b9000 rw-p 0001f000 08:13 1704066                    /lib/x86_64-linux-gnu/libselinux.so.1
7fa0288b9000-7fa0288bb000 rw-p 00000000 00:00 0 
7fa0288bb000-7fa0288be000 r-xp 00000000 08:13 2753613                    /usr/lib/x86_64-linux-gnu/libgmodule-2.0.so.0.4600.2
7fa0288be000-7fa028abd000 ---p 00003000 08:13 2753613                    /usr/lib/x86_64-linux-gnu/libgmodule-2.0.so.0.4600.2
7fa028abd000-7fa028abe000 r--p 00002000 08:13 2753613                    /usr/lib/x86_64-linux-gnu/libgmodule-2.0.so.0.4600.2
7fa028abe000-7fa028abf000 rw-p 00003000 08:13 2753613                    /usr/lib/x86_64-linux-gnu/libgmodule-2.0.so.0.4600.2
7fa028abf000-7fa028bcb000 r-xp 00000000 08:13 1704518                    /lib/x86_64-linux-gnu/libglib-2.0.so.0.4600.2
7fa028bcb000-7fa028dcb000 ---p 0010c000 08:13 1704518                    /lib/x86_64-linux-gnu/libglib-2.0.so.0.4600.2
7fa028dcb000-7fa028dcc000 r--p 0010c000 08:13 1704518                    /lib/x86_64-linux-gnu/libglib-2.0.so.0.4600.2
7fa028dcc000-7fa028dcd000 rw-p 0010d000 08:13 1704518                    /lib/x86_64-linux-gnu/libglib-2.0.so.0.4600.2
7fa028dcd000-7fa028dce000 rw-p 00000000 00:00 0 
7fa028dce000-7fa028e1f000 r-xp 00000000 08:13 2753611                    /usr/lib/x86_64-linux-gnu/libgobject-2.0.so.0.4600.2
7fa028e1f000-7fa02901f000 ---p 00051000 08:13 2753611                    /usr/lib/x86_64-linux-gnu/libgobject-2.0.so.0.4600.2
7fa02901f000-7fa029020000 r--p 00051000 08:13 2753611                    /usr/lib/x86_64-linux-gnu/libgobject-2.0.so.0.4600.2
7fa029020000-7fa029021000 rw-p 00052000 08:13 2753611                    /usr/lib/x86_64-linux-gnu/libgobject-2.0.so.0.4600.2
7fa029021000-7fa02919a000 r-xp 00000000 08:13 2754414                    /usr/lib/x86_64-linux-gnu/libgio-2.0.so.0.4600.2
7fa02919a000-7fa02939a000 ---p 00179000 08:13 2754414                    /usr/lib/x86_64-linux-gnu/libgio-2.0.so.0.4600.2
7fa02939a000-7fa02939e000 r--p 00179000 08:13 2754414                    /usr/lib/x86_64-linux-gnu/libgio-2.0.so.0.4600.2
7fa02939e000-7fa0293a0000 rw-p 0017d000 08:13 2754414                    /usr/lib/x86_64-linux-gnu/libgio-2.0.so.0.4600.2
7fa0293a0000-7fa0293a2000 rw-p 00000000 00:00 0 
7fa0293a2000-7fa0293b9000 r-xp 00000000 08:13 2792717                    /usr/lib/jvm/java-7-openjdk-amd64/jre/lib/amd64/libnet.so
7fa0293b9000-7fa0295b9000 ---p 00017000 08:13 2792717                    /usr/lib/jvm/java-7-openjdk-amd64/jre/lib/amd64/libnet.so
7fa0295b9000-7fa0295ba000 r--p 00017000 08:13 2792717                    /usr/lib/jvm/java-7-openjdk-amd64/jre/lib/amd64/libnet.so
7fa0295ba000-7fa0295bb000 rw-p 00018000 08:13 2792717                    /usr/lib/jvm/java-7-openjdk-amd64/jre/lib/amd64/libnet.so
7fa0295bb000-7fa0295cc000 r-xp 00000000 08:13 2792725                    /usr/lib/jvm/java-7-openjdk-amd64/jre/lib/amd64/libnio.so
7fa0295cc000-7fa0297cb000 ---p 00011000 08:13 2792725                    /usr/lib/jvm/java-7-openjdk-amd64/jre/lib/amd64/libnio.so
7fa0297cb000-7fa0297cc000 r--p 00010000 08:13 2792725                    /usr/lib/jvm/java-7-openjdk-amd64/jre/lib/amd64/libnio.so
7fa0297cc000-7fa0297cd000 rw-p 00011000 08:13 2792725                    /usr/lib/jvm/java-7-openjdk-amd64/jre/lib/amd64/libnio.so
7fa0297cd000-7fa0297ce000 ---p 00000000 00:00 0 
7fa0297ce000-7fa0298ce000 rw-p 00000000 00:00 0                          [stack:25165]
7fa0298ce000-7fa0298d1000 ---p 00000000 00:00 0 
7fa0298d1000-7fa0299cf000 rw-p 00000000 00:00 0                          [stack:25164]
7fa0299cf000-7fa0299d2000 ---p 00000000 00:00 0 
7fa0299d2000-7fa02c000000 rw-p 00000000 00:00 0                          [stack:25163]
7fa02c000000-7fa02c021000 rw-p 00000000 00:00 0 
7fa02c021000-7fa030000000 ---p 00000000 00:00 0 
7fa030000000-7fa030021000 rw-p 00000000 00:00 0 
7fa030021000-7fa034000000 ---p 00000000 00:00 0 
7fa034000000-7fa034021000 rw-p 00000000 00:00 0 
7fa034021000-7fa038000000 ---p 00000000 00:00 0 
7fa038000000-7fa038021000 rw-p 00000000 00:00 0 
7fa038021000-7fa03c000000 ---p 00000000 00:00 0 
7fa03c039000-7fa03c03c000 ---p 00000000 00:00 0 
7fa03c03c000-7fa03c13a000 rw-p 00000000 00:00 0                          [stack:25162]
7fa03c13a000-7fa03c13d000 ---p 00000000 00:00 0 
7fa03c13d000-7fa03c23b000 rw-p 00000000 00:00 0                          [stack:25161]
7fa03c23b000-7fa03c4f5000 r--p 00000000 08:13 2759351                    /usr/lib/locale/locale-archive
7fa03c4f5000-7fa03c4f8000 ---p 00000000 00:00 0 
7fa03c4f8000-7fa03c5f6000 rw-p 00000000 00:00 0                          [stack:25160]
7fa03c5f6000-7fa03c5f9000 ---p 00000000 00:00 0 
7fa03c5f9000-7fa03c6f7000 rw-p 00000000 00:00 0                          [stack:25159]
7fa03c6f7000-7fa03c6f8000 ---p 00000000 00:00 0 
7fa03c6f8000-7fa03d000000 rw-p 00000000 00:00 0                          [stack:25158]
7fa03d000000-7fa03d270000 rwxp 00000000 00:00 0 
7fa03d270000-7fa0401e3000 rw-p 00000000 00:00 0 
7fa0401e3000-7fa044000000 ---p 00000000 00:00 0 
7fa04408b000-7fa0440a0000 r--s 000e5000 08:12 2766107                    /home/vakz/school/TDP028/projekt/BeerApp/app/build/intermediates/exploded-aar/com.android.support/support-v4/23.1.1/jars/classes.jar
7fa0440a0000-7fa0440af000 r--s 000df000 08:12 2663189                    /home/vakz/Android/Sdk/build-tools/23.0.2/lib/dx.jar
7fa0440af000-7fa045534000 rw-p 00000000 00:00 0 
7fa045534000-7fa0456e6000 r--s 01d2e000 08:13 2799505                    /usr/lib/jvm/java-7-openjdk-amd64/jre/lib/rt.jar
7fa0456e6000-7fa045a32000 rw-p 00000000 00:00 0 
7fa045a32000-7fa045a33000 ---p 00000000 00:00 0 
7fa045a33000-7fa045b33000 rw-p 00000000 00:00 0                          [stack:25157]
7fa045b33000-7fa045b34000 ---p 00000000 00:00 0 
7fa045b34000-7fa045c34000 rw-p 00000000 00:00 0                          [stack:25156]
7fa045c34000-7fa045c35000 ---p 00000000 00:00 0 
7fa045c35000-7fa045d35000 rw-p 00000000 00:00 0                          [stack:25155]
7fa045d35000-7fa045d36000 ---p 00000000 00:00 0 
7fa045d36000-7fa045e36000 rw-p 00000000 00:00 0                          [stack:25154]
7fa045e36000-7fa045e37000 ---p 00000000 00:00 0 
7fa045e37000-7fa045f37000 rw-p 00000000 00:00 0                          [stack:25153]
7fa045f37000-7fa045f38000 ---p 00000000 00:00 0 
7fa045f38000-7fa046038000 rw-p 00000000 00:00 0                          [stack:25152]
7fa046038000-7fa046039000 ---p 00000000 00:00 0 
7fa046039000-7fa046139000 rw-p 00000000 00:00 0                          [stack:25151]
7fa046139000-7fa04613a000 ---p 00000000 00:00 0 
7fa04613a000-7fa046245000 rw-p 00000000 00:00 0                          [stack:25150]
7fa046245000-7fa04628d000 rw-p 00000000 00:00 0 
7fa04628d000-7fa0462b7000 rw-p 00000000 00:00 0 
7fa0462b7000-7fa0463e3000 rw-p 00000000 00:00 0 
7fa0463e3000-7fa0463ee000 rw-p 00000000 00:00 0 
7fa0463ee000-7fa046436000 rw-p 00000000 00:00 0 
7fa046436000-7fa046460000 rw-p 00000000 00:00 0 
7fa046460000-7fa04658b000 rw-p 00000000 00:00 0 
7fa04658b000-7fa0465d0000 rw-p 00000000 00:00 0 
7fa0465d0000-7fa046636000 rw-p 00000000 00:00 0 
7fa046636000-7fa046637000 rw-p 00000000 00:00 0 
7fa046637000-7fa04663f000 r-xp 00000000 08:13 2792726                    /usr/lib/jvm/java-7-openjdk-amd64/jre/lib/amd64/libzip.so
7fa04663f000-7fa04683e000 ---p 00008000 08:13 2792726                    /usr/lib/jvm/java-7-openjdk-amd64/jre/lib/amd64/libzip.so
7fa04683e000-7fa04683f000 r--p 00007000 08:13 2792726                    /usr/lib/jvm/java-7-openjdk-amd64/jre/lib/amd64/libzip.so
7fa04683f000-7fa046840000 rw-p 00008000 08:13 2792726                    /usr/lib/jvm/java-7-openjdk-amd64/jre/lib/amd64/libzip.so
7fa046840000-7fa04684b000 r-xp 00000000 08:13 1704654                    /lib/x86_64-linux-gnu/libnss_files-2.21.so
7fa04684b000-7fa046a4a000 ---p 0000b000 08:13 1704654                    /lib/x86_64-linux-gnu/libnss_files-2.21.so
7fa046a4a000-7fa046a4b000 r--p 0000a000 08:13 1704654                    /lib/x86_64-linux-gnu/libnss_files-2.21.so
7fa046a4b000-7fa046a4c000 rw-p 0000b000 08:13 1704654                    /lib/x86_64-linux-gnu/libnss_files-2.21.so
7fa046a4c000-7fa046a56000 r-xp 00000000 08:13 1704668                    /lib/x86_64-linux-gnu/libnss_nis-2.21.so
7fa046a56000-7fa046c56000 ---p 0000a000 08:13 1704668                    /lib/x86_64-linux-gnu/libnss_nis-2.21.so
7fa046c56000-7fa046c57000 r--p 0000a000 08:13 1704668                    /lib/x86_64-linux-gnu/libnss_nis-2.21.so
7fa046c57000-7fa046c58000 rw-p 0000b000 08:13 1704668                    /lib/x86_64-linux-gnu/libnss_nis-2.21.so
7fa046c58000-7fa046c6d000 r-xp 00000000 08:13 1704572                    /lib/x86_64-linux-gnu/libnsl-2.21.so
7fa046c6d000-7fa046e6c000 ---p 00015000 08:13 1704572                    /lib/x86_64-linux-gnu/libnsl-2.21.so
7fa046e6c000-7fa046e6d000 r--p 00014000 08:13 1704572                    /lib/x86_64-linux-gnu/libnsl-2.21.so
7fa046e6d000-7fa046e6e000 rw-p 00015000 08:13 1704572                    /lib/x86_64-linux-gnu/libnsl-2.21.so
7fa046e6e000-7fa046e70000 rw-p 00000000 00:00 0 
7fa046e70000-7fa046e77000 r-xp 00000000 08:13 1704642                    /lib/x86_64-linux-gnu/libnss_compat-2.21.so
7fa046e77000-7fa047076000 ---p 00007000 08:13 1704642                    /lib/x86_64-linux-gnu/libnss_compat-2.21.so
7fa047076000-7fa047077000 r--p 00006000 08:13 1704642                    /lib/x86_64-linux-gnu/libnss_compat-2.21.so
7fa047077000-7fa047078000 rw-p 00007000 08:13 1704642                    /lib/x86_64-linux-gnu/libnss_compat-2.21.so
7fa047078000-7fa0470a4000 r-xp 00000000 08:13 2792720                    /usr/lib/jvm/java-7-openjdk-amd64/jre/lib/amd64/libjava.so
7fa0470a4000-7fa0472a3000 ---p 0002c000 08:13 2792720                    /usr/lib/jvm/java-7-openjdk-amd64/jre/lib/amd64/libjava.so
7fa0472a3000-7fa0472a4000 r--p 0002b000 08:13 2792720                    /usr/lib/jvm/java-7-openjdk-amd64/jre/lib/amd64/libjava.so
7fa0472a4000-7fa0472a6000 rw-p 0002c000 08:13 2792720                    /usr/lib/jvm/java-7-openjdk-amd64/jre/lib/amd64/libjava.so
7fa0472a6000-7fa0472b5000 r-xp 00000000 08:13 2792712                    /usr/lib/jvm/java-7-openjdk-amd64/jre/lib/amd64/libverify.so
7fa0472b5000-7fa0474b4000 ---p 0000f000 08:13 2792712                    /usr/lib/jvm/java-7-openjdk-amd64/jre/lib/amd64/libverify.so
7fa0474b4000-7fa0474b6000 r--p 0000e000 08:13 2792712                    /usr/lib/jvm/java-7-openjdk-amd64/jre/lib/amd64/libverify.so
7fa0474b6000-7fa0474b7000 rw-p 00010000 08:13 2792712                    /usr/lib/jvm/java-7-openjdk-amd64/jre/lib/amd64/libverify.so
7fa0474b7000-7fa0474be000 r-xp 00000000 08:13 1704672                    /lib/x86_64-linux-gnu/librt-2.21.so
7fa0474be000-7fa0476bd000 ---p 00007000 08:13 1704672                    /lib/x86_64-linux-gnu/librt-2.21.so
7fa0476bd000-7fa0476be000 r--p 00006000 08:13 1704672                    /lib/x86_64-linux-gnu/librt-2.21.so
7fa0476be000-7fa0476bf000 rw-p 00007000 08:13 1704672                    /lib/x86_64-linux-gnu/librt-2.21.so
7fa0476bf000-7fa0476d5000 r-xp 00000000 08:13 1704004                    /lib/x86_64-linux-gnu/libgcc_s.so.1
7fa0476d5000-7fa0478d4000 ---p 00016000 08:13 1704004                    /lib/x86_64-linux-gnu/libgcc_s.so.1
7fa0478d4000-7fa0478d5000 rw-p 00015000 08:13 1704004                    /lib/x86_64-linux-gnu/libgcc_s.so.1
7fa0478d5000-7fa0479d8000 r-xp 00000000 08:13 1704351                    /lib/x86_64-linux-gnu/libm-2.21.so
7fa0479d8000-7fa047bd8000 ---p 00103000 08:13 1704351                    /lib/x86_64-linux-gnu/libm-2.21.so
7fa047bd8000-7fa047bd9000 r--p 00103000 08:13 1704351                    /lib/x86_64-linux-gnu/libm-2.21.so
7fa047bd9000-7fa047bda000 rw-p 00104000 08:13 1704351                    /lib/x86_64-linux-gnu/libm-2.21.so
7fa047bda000-7fa047d45000 r-xp 00000000 08:13 2752939                    /usr/lib/x86_64-linux-gnu/libstdc++.so.6.0.21
7fa047d45000-7fa047f45000 ---p 0016b000 08:13 2752939                    /usr/lib/x86_64-linux-gnu/libstdc++.so.6.0.21
7fa047f45000-7fa047f4f000 r--p 0016b000 08:13 2752939                    /usr/lib/x86_64-linux-gnu/libstdc++.so.6.0.21
7fa047f4f000-7fa047f51000 rw-p 00175000 08:13 2752939                    /usr/lib/x86_64-linux-gnu/libstdc++.so.6.0.21
7fa047f51000-7fa047f55000 rw-p 00000000 00:00 0 
7fa047f55000-7fa048aa6000 r-xp 00000000 08:13 2792732                    /usr/lib/jvm/java-7-openjdk-amd64/jre/lib/amd64/server/libjvm.so
7fa048aa6000-7fa048ca5000 ---p 00b51000 08:13 2792732                    /usr/lib/jvm/java-7-openjdk-amd64/jre/lib/amd64/server/libjvm.so
7fa048ca5000-7fa048d36000 r--p 00b50000 08:13 2792732                    /usr/lib/jvm/java-7-openjdk-amd64/jre/lib/amd64/server/libjvm.so
7fa048d36000-7fa048d59000 rw-p 00be1000 08:13 2792732                    /usr/lib/jvm/java-7-openjdk-amd64/jre/lib/amd64/server/libjvm.so
7fa048d59000-7fa048d84000 rw-p 00000000 00:00 0 
7fa048d84000-7fa048d9e000 r-xp 00000000 08:13 1703944                    /lib/x86_64-linux-gnu/libz.so.1.2.8
7fa048d9e000-7fa048f9d000 ---p 0001a000 08:13 1703944                    /lib/x86_64-linux-gnu/libz.so.1.2.8
7fa048f9d000-7fa048f9e000 r--p 00019000 08:13 1703944                    /lib/x86_64-linux-gnu/libz.so.1.2.8
7fa048f9e000-7fa048f9f000 rw-p 0001a000 08:13 1703944                    /lib/x86_64-linux-gnu/libz.so.1.2.8
7fa048f9f000-7fa049139000 r-xp 00000000 08:13 1704218                    /lib/x86_64-linux-gnu/libc-2.21.so
7fa049139000-7fa049339000 ---p 0019a000 08:13 1704218                    /lib/x86_64-linux-gnu/libc-2.21.so
7fa049339000-7fa04933d000 r--p 0019a000 08:13 1704218                    /lib/x86_64-linux-gnu/libc-2.21.so
7fa04933d000-7fa04933f000 rw-p 0019e000 08:13 1704218                    /lib/x86_64-linux-gnu/libc-2.21.so
7fa04933f000-7fa049343000 rw-p 00000000 00:00 0 
7fa049343000-7fa049345000 r-xp 00000000 08:13 1704350                    /lib/x86_64-linux-gnu/libdl-2.21.so
7fa049345000-7fa049545000 ---p 00002000 08:13 1704350                    /lib/x86_64-linux-gnu/libdl-2.21.so
7fa049545000-7fa049546000 r--p 00002000 08:13 1704350                    /lib/x86_64-linux-gnu/libdl-2.21.so
7fa049546000-7fa049547000 rw-p 00003000 08:13 1704350                    /lib/x86_64-linux-gnu/libdl-2.21.so
7fa049547000-7fa049554000 r-xp 00000000 08:13 2883879                    /usr/lib/jvm/java-7-openjdk-amd64/jre/lib/amd64/jli/libjli.so
7fa049554000-7fa049753000 ---p 0000d000 08:13 2883879                    /usr/lib/jvm/java-7-openjdk-amd64/jre/lib/amd64/jli/libjli.so
7fa049753000-7fa049754000 r--p 0000c000 08:13 2883879                    /usr/lib/jvm/java-7-openjdk-amd64/jre/lib/amd64/jli/libjli.so
7fa049754000-7fa049755000 rw-p 0000d000 08:13 2883879                    /usr/lib/jvm/java-7-openjdk-amd64/jre/lib/amd64/jli/libjli.so
7fa049755000-7fa04976d000 r-xp 00000000 08:13 1704120                    /lib/x86_64-linux-gnu/libpthread-2.21.so
7fa04976d000-7fa04996c000 ---p 00018000 08:13 1704120                    /lib/x86_64-linux-gnu/libpthread-2.21.so
7fa04996c000-7fa04996d000 r--p 00017000 08:13 1704120                    /lib/x86_64-linux-gnu/libpthread-2.21.so
7fa04996d000-7fa04996e000 rw-p 00018000 08:13 1704120                    /lib/x86_64-linux-gnu/libpthread-2.21.so
7fa04996e000-7fa049972000 rw-p 00000000 00:00 0 
7fa049972000-7fa049994000 r-xp 00000000 08:13 1704175                    /lib/x86_64-linux-gnu/ld-2.21.so
7fa049994000-7fa049995000 rw-p 00000000 00:00 0 
7fa049995000-7fa049999000 r--s 0003c000 08:13 2890463                    /usr/lib/jvm/java-7-openjdk-amd64/jre/lib/ext/sunpkcs11.jar
7fa049999000-7fa04999c000 r--s 0000f000 08:13 2890460                    /usr/lib/jvm/java-7-openjdk-amd64/jre/lib/ext/icedtea-sound.jar
7fa04999c000-7fa04999e000 r--s 00007000 08:13 262791                     /usr/share/java/java-atk-wrapper.jar
7fa04999e000-7fa0499a0000 r--s 00012000 08:13 2890458                    /usr/lib/jvm/java-7-openjdk-amd64/jre/lib/ext/zipfs.jar
7fa0499a0000-7fa0499aa000 rw-p 00000000 00:00 0 
7fa0499aa000-7fa049a60000 rw-p 00000000 00:00 0 
7fa049a60000-7fa049a63000 ---p 00000000 00:00 0 
7fa049a63000-7fa049b66000 rw-p 00000000 00:00 0                          [stack:25148]
7fa049b66000-7fa049b67000 r--s 00002000 08:13 2890462                    /usr/lib/jvm/java-7-openjdk-amd64/jre/lib/ext/dnsns.jar
7fa049b67000-7fa049b6b000 r--s 00085000 08:13 2890461                    /usr/lib/jvm/java-7-openjdk-amd64/jre/lib/ext/localedata.jar
7fa049b6b000-7fa049b6f000 r--s 00034000 08:13 2890464                    /usr/lib/jvm/java-7-openjdk-amd64/jre/lib/ext/sunjce_provider.jar
7fa049b6f000-7fa049b87000 rw-p 00000000 00:00 0 
7fa049b87000-7fa049b8f000 rw-s 00000000 08:13 1447800                    /tmp/hsperfdata_vakz/25145
7fa049b8f000-7fa049b90000 rw-p 00000000 00:00 0 
7fa049b90000-7fa049b91000 ---p 00000000 00:00 0 
7fa049b91000-7fa049b93000 rw-p 00000000 00:00 0 
7fa049b93000-7fa049b94000 r--p 00021000 08:13 1704175                    /lib/x86_64-linux-gnu/ld-2.21.so
7fa049b94000-7fa049b95000 rw-p 00022000 08:13 1704175                    /lib/x86_64-linux-gnu/ld-2.21.so
7fa049b95000-7fa049b96000 rw-p 00000000 00:00 0 
7ffe60440000-7ffe60461000 rw-p 00000000 00:00 0                          [stack]
7ffe60583000-7ffe60585000 r--p 00000000 00:00 0                          [vvar]
7ffe60585000-7ffe60587000 r-xp 00000000 00:00 0                          [vdso]
ffffffffff600000-ffffffffff601000 r-xp 00000000 00:00 0                  [vsyscall]

VM Arguments:
jvm_args: -Djava.awt.headless=true -Xmx1024M -Dfile.encoding=UTF-8 -Duser.country=US -Duser.language=en -Duser.variant 
java_command: com.android.dx.command.Main --dex --num-threads=4 --output /home/vakz/school/TDP028/projekt/BeerApp/app/build/intermediates/pre-dexed/debug/com.android.support-support-v4-23.1.1_2c75bde454567a4f717d524c3adb64efc7ebd953.jar /home/vakz/school/TDP028/projekt/BeerApp/app/build/intermediates/exploded-aar/com.android.support/support-v4/23.1.1/jars/classes.jar
Launcher Type: SUN_STANDARD

Environment Variables:
PATH=/home/vakz/bin:/usr/local/bin:/usr/bin:/bin:/usr/local/games:/usr/games
USERNAME=vakz
LD_LIBRARY_PATH=/home/vakz/opt/android-studio/bin:
SHELL=/bin/bash
DISPLAY=:0

Signal Handlers:
SIGSEGV: [libjvm.so+0x995440], sa_mask[0]=0x7ffbfeff, sa_flags=0x10000004
SIGBUS: [libjvm.so+0x995440], sa_mask[0]=0x7ffbfeff, sa_flags=0x10000004
SIGFPE: [libjvm.so+0x7fc630], sa_mask[0]=0x7ffbfeff, sa_flags=0x10000004
SIGPIPE: [libjvm.so+0x7fc630], sa_mask[0]=0x7ffbfeff, sa_flags=0x10000004
SIGXFSZ: [libjvm.so+0x7fc630], sa_mask[0]=0x7ffbfeff, sa_flags=0x10000004
SIGILL: [libjvm.so+0x7fc630], sa_mask[0]=0x7ffbfeff, sa_flags=0x10000004
SIGUSR1: SIG_DFL, sa_mask[0]=0x00000000, sa_flags=0x00000000
SIGUSR2: [libjvm.so+0x7fc4b0], sa_mask[0]=0x00000004, sa_flags=0x10000004
SIGHUP: [libjvm.so+0x7fc640], sa_mask[0]=0x7ffbfeff, sa_flags=0x10000004
SIGINT: [libjvm.so+0x7fc640], sa_mask[0]=0x7ffbfeff, sa_flags=0x10000004
SIGTERM: [libjvm.so+0x7fc640], sa_mask[0]=0x7ffbfeff, sa_flags=0x10000004
SIGQUIT: [libjvm.so+0x7fc640], sa_mask[0]=0x7ffbfeff, sa_flags=0x10000004
SIGTRAP: SIG_DFL, sa_mask[0]=0x00000000, sa_flags=0x00000000


---------------  S Y S T E M  ---------------

OS:stretch/sid

uname:Linux 4.3.0-1-amd64 #1 SMP Debian 4.3.3-2 (2015-12-17) x86_64
libc:glibc 2.21 NPTL 2.21 
rlimit: STACK 8192k, CORE 0k, NPROC 30766, NOFILE 65536, AS infinity
load average:20,64 16,68 9,06

/proc/meminfo:
MemTotal:        8128148 kB
MemFree:           48152 kB
MemAvailable:     176948 kB
Buffers:            3712 kB
Cached:           204880 kB
SwapCached:            0 kB
Active:          7479956 kB
Inactive:         137468 kB
Active(anon):    7416284 kB
Inactive(anon):    72892 kB
Active(file):      63672 kB
Inactive(file):    64576 kB
Unevictable:          60 kB
Mlocked:              60 kB
SwapTotal:             0 kB
SwapFree:              0 kB
Dirty:              1132 kB
Writeback:             0 kB
AnonPages:       7409728 kB
Mapped:           412612 kB
Shmem:             79532 kB
Slab:             109660 kB
SReclaimable:      42992 kB
SUnreclaim:        66668 kB
KernelStack:       15104 kB
PageTables:        52784 kB
NFS_Unstable:          0 kB
Bounce:                0 kB
WritebackTmp:          0 kB
CommitLimit:     4064072 kB
Committed_AS:   14894528 kB
VmallocTotal:   34359738367 kB
VmallocUsed:      129916 kB
VmallocChunk:   34359537660 kB
HardwareCorrupted:     0 kB
AnonHugePages:         0 kB
HugePages_Total:       0
HugePages_Free:        0
HugePages_Rsvd:        0
HugePages_Surp:        0
Hugepagesize:       2048 kB
DirectMap4k:     3967036 kB
DirectMap2M:     4370432 kB


CPU:total 8 (4 cores per cpu, 2 threads per core) family 6 model 42 stepping 7, cmov, cx8, fxsr, mmx, sse, sse2, sse3, ssse3, sse4.1, sse4.2, popcnt, avx, aes, ht, tsc, tscinvbit

/proc/cpuinfo:
processor	: 0
vendor_id	: GenuineIntel
cpu family	: 6
model		: 42
model name	: Intel(R) Core(TM) i7-2600K CPU @ 3.40GHz
stepping	: 7
microcode	: 0x28
cpu MHz		: 4099.921
cache size	: 8192 KB
physical id	: 0
siblings	: 8
core id		: 0
cpu cores	: 4
apicid		: 0
initial apicid	: 0
fpu		: yes
fpu_exception	: yes
cpuid level	: 13
wp		: yes
flags		: fpu vme de pse tsc msr pae mce cx8 apic sep mtrr pge mca cmov pat pse36 clflush dts acpi mmx fxsr sse sse2 ss ht tm pbe syscall nx rdtscp lm constant_tsc arch_perfmon pebs bts rep_good nopl xtopology nonstop_tsc aperfmperf eagerfpu pni pclmulqdq dtes64 monitor ds_cpl vmx est tm2 ssse3 cx16 xtpr pdcm pcid sse4_1 sse4_2 popcnt tsc_deadline_timer aes xsave avx lahf_lm ida arat epb pln pts dtherm tpr_shadow vnmi flexpriority ept vpid xsaveopt
bugs		:
bogomips	: 6800.45
clflush size	: 64
cache_alignment	: 64
address sizes	: 36 bits physical, 48 bits virtual
power management:

processor	: 1
vendor_id	: GenuineIntel
cpu family	: 6
model		: 42
model name	: Intel(R) Core(TM) i7-2600K CPU @ 3.40GHz
stepping	: 7
microcode	: 0x28
cpu MHz		: 4099.921
cache size	: 8192 KB
physical id	: 0
siblings	: 8
core id		: 1
cpu cores	: 4
apicid		: 2
initial apicid	: 2
fpu		: yes
fpu_exception	: yes
cpuid level	: 13
wp		: yes
flags		: fpu vme de pse tsc msr pae mce cx8 apic sep mtrr pge mca cmov pat pse36 clflush dts acpi mmx fxsr sse sse2 ss ht tm pbe syscall nx rdtscp lm constant_tsc arch_perfmon pebs bts rep_good nopl xtopology nonstop_tsc aperfmperf eagerfpu pni pclmulqdq dtes64 monitor ds_cpl vmx est tm2 ssse3 cx16 xtpr pdcm pcid sse4_1 sse4_2 popcnt tsc_deadline_timer aes xsave avx lahf_lm ida arat epb pln pts dtherm tpr_shadow vnmi flexpriority ept vpid xsaveopt
bugs		:
bogomips	: 6800.45
clflush size	: 64
cache_alignment	: 64
address sizes	: 36 bits physical, 48 bits virtual
power management:

processor	: 2
vendor_id	: GenuineIntel
cpu family	: 6
model		: 42
model name	: Intel(R) Core(TM) i7-2600K CPU @ 3.40GHz
stepping	: 7
microcode	: 0x28
cpu MHz		: 4099.921
cache size	: 8192 KB
physical id	: 0
siblings	: 8
core id		: 2
cpu cores	: 4
apicid		: 4
initial apicid	: 4
fpu		: yes
fpu_exception	: yes
cpuid level	: 13
wp		: yes
flags		: fpu vme de pse tsc msr pae mce cx8 apic sep mtrr pge mca cmov pat pse36 clflush dts acpi mmx fxsr sse sse2 ss ht tm pbe syscall nx rdtscp lm constant_tsc arch_perfmon pebs bts rep_good nopl xtopology nonstop_tsc aperfmperf eagerfpu pni pclmulqdq dtes64 monitor ds_cpl vmx est tm2 ssse3 cx16 xtpr pdcm pcid sse4_1 sse4_2 popcnt tsc_deadline_timer aes xsave avx lahf_lm ida arat epb pln pts dtherm tpr_shadow vnmi flexpriority ept vpid xsaveopt
bugs		:
bogomips	: 6800.45
clflush size	: 64
cache_alignment	: 64
address sizes	: 36 bits physical, 48 bits virtual
power management:

processor	: 3
vendor_id	: GenuineIntel
cpu family	: 6
model		: 42
model name	: Intel(R) Core(TM) i7-2600K CPU @ 3.40GHz
stepping	: 7
microcode	: 0x28
cpu MHz		: 4099.921
cache size	: 8192 KB
physical id	: 0
siblings	: 8
core id		: 3
cpu cores	: 4
apicid		: 6
initial apicid	: 6
fpu		: yes
fpu_exception	: yes
cpuid level	: 13
wp		: yes
flags		: fpu vme de pse tsc msr pae mce cx8 apic sep mtrr pge mca cmov pat pse36 clflush dts acpi mmx fxsr sse sse2 ss ht tm pbe syscall nx rdtscp lm constant_tsc arch_perfmon pebs bts rep_good nopl xtopology nonstop_tsc aperfmperf eagerfpu pni pclmulqdq dtes64 monitor ds_cpl vmx est tm2 ssse3 cx16 xtpr pdcm pcid sse4_1 sse4_2 popcnt tsc_deadline_timer aes xsave avx lahf_lm ida arat epb pln pts dtherm tpr_shadow vnmi flexpriority ept vpid xsaveopt
bugs		:
bogomips	: 6800.45
clflush size	: 64
cache_alignment	: 64
address sizes	: 36 bits physical, 48 bits virtual
power management:

processor	: 4
vendor_id	: GenuineIntel
cpu family	: 6
model		: 42
model name	: Intel(R) Core(TM) i7-2600K CPU @ 3.40GHz
stepping	: 7
microcode	: 0x28
cpu MHz		: 4099.921
cache size	: 8192 KB
physical id	: 0
siblings	: 8
core id		: 0
cpu cores	: 4
apicid		: 1
initial apicid	: 1
fpu		: yes
fpu_exception	: yes
cpuid level	: 13
wp		: yes
flags		: fpu vme de pse tsc msr pae mce cx8 apic sep mtrr pge mca cmov pat pse36 clflush dts acpi mmx fxsr sse sse2 ss ht tm pbe syscall nx rdtscp lm constant_tsc arch_perfmon pebs bts rep_good nopl xtopology nonstop_tsc aperfmperf eagerfpu pni pclmulqdq dtes64 monitor ds_cpl vmx est tm2 ssse3 cx16 xtpr pdcm pcid sse4_1 sse4_2 popcnt tsc_deadline_timer aes xsave avx lahf_lm ida arat epb pln pts dtherm tpr_shadow vnmi flexpriority ept vpid xsaveopt
bugs		:
bogomips	: 6800.45
clflush size	: 64
cache_alignment	: 64
address sizes	: 36 bits physical, 48 bits virtual
power management:

processor	: 5
vendor_id	: GenuineIntel
cpu family	: 6
model		: 42
model name	: Intel(R) Core(TM) i7-2600K CPU @ 3.40GHz
stepping	: 7
microcode	: 0x28
cpu MHz		: 4099.921
cache size	: 8192 KB
physical id	: 0
siblings	: 8
core id		: 1
cpu cores	: 4
apicid		: 3
initial apicid	: 3
fpu		: yes
fpu_exception	: yes
cpuid level	: 13
wp		: yes
flags		: fpu vme de pse tsc msr pae mce cx8 apic sep mtrr pge mca cmov pat pse36 clflush dts acpi mmx fxsr sse sse2 ss ht tm pbe syscall nx rdtscp lm constant_tsc arch_perfmon pebs bts rep_good nopl xtopology nonstop_tsc aperfmperf eagerfpu pni pclmulqdq dtes64 monitor ds_cpl vmx est tm2 ssse3 cx16 xtpr pdcm pcid sse4_1 sse4_2 popcnt tsc_deadline_timer aes xsave avx lahf_lm ida arat epb pln pts dtherm tpr_shadow vnmi flexpriority ept vpid xsaveopt
bugs		:
bogomips	: 6800.45
clflush size	: 64
cache_alignment	: 64
address sizes	: 36 bits physical, 48 bits virtual
power management:

processor	: 6
vendor_id	: GenuineIntel
cpu family	: 6
model		: 42
model name	: Intel(R) Core(TM) i7-2600K CPU @ 3.40GHz
stepping	: 7
microcode	: 0x28
cpu MHz		: 4099.921
cache size	: 8192 KB
physical id	: 0
siblings	: 8
core id		: 2
cpu cores	: 4
apicid		: 5
initial apicid	: 5
fpu		: yes
fpu_exception	: yes
cpuid level	: 13
wp		: yes
flags		: fpu vme de pse tsc msr pae mce cx8 apic sep mtrr pge mca cmov pat pse36 clflush dts acpi mmx fxsr sse sse2 ss ht tm pbe syscall nx rdtscp lm constant_tsc arch_perfmon pebs bts rep_good nopl xtopology nonstop_tsc aperfmperf eagerfpu pni pclmulqdq dtes64 monitor ds_cpl vmx est tm2 ssse3 cx16 xtpr pdcm pcid sse4_1 sse4_2 popcnt tsc_deadline_timer aes xsave avx lahf_lm ida arat epb pln pts dtherm tpr_shadow vnmi flexpriority ept vpid xsaveopt
bugs		:
bogomips	: 6800.45
clflush size	: 64
cache_alignment	: 64
address sizes	: 36 bits physical, 48 bits virtual
power management:

processor	: 7
vendor_id	: GenuineIntel
cpu family	: 6
model		: 42
model name	: Intel(R) Core(TM) i7-2600K CPU @ 3.40GHz
stepping	: 7
microcode	: 0x28
cpu MHz		: 4099.921
cache size	: 8192 KB
physical id	: 0
siblings	: 8
core id		: 3
cpu cores	: 4
apicid		: 7
initial apicid	: 7
fpu		: yes
fpu_exception	: yes
cpuid level	: 13
wp		: yes
flags		: fpu vme de pse tsc msr pae mce cx8 apic sep mtrr pge mca cmov pat pse36 clflush dts acpi mmx fxsr sse sse2 ss ht tm pbe syscall nx rdtscp lm constant_tsc arch_perfmon pebs bts rep_good nopl xtopology nonstop_tsc aperfmperf eagerfpu pni pclmulqdq dtes64 monitor ds_cpl vmx est tm2 ssse3 cx16 xtpr pdcm pcid sse4_1 sse4_2 popcnt tsc_deadline_timer aes xsave avx lahf_lm ida arat epb pln pts dtherm tpr_shadow vnmi flexpriority ept vpid xsaveopt
bugs		:
bogomips	: 6800.45
clflush size	: 64
cache_alignment	: 64
address sizes	: 36 bits physical, 48 bits virtual
power management:



Memory: 4k page, physical 8128148k(48152k free), swap 0k(0k free)

vm_info: OpenJDK 64-Bit Server VM (24.91-b01) for linux-amd64 JRE (1.7.0_91-b02), built on Nov 19 2015 01:34:49 by "doko" with gcc 5.2.1 20151028

time: Tue Dec 29 19:36:26 2015
elapsed time: 17 seconds

