#
# There is insufficient memory for the Java Runtime Environment to continue.
# Native memory allocation (malloc) failed to allocate 66060288 bytes for committing reserved memory.
# Possible reasons:
#   The system is out of physical RAM or swap space
#   In 32 bit mode, the process size limit was hit
# Possible solutions:
#   Reduce memory load on the system
#   Increase physical memory or swap space
#   Check if swap backing store is full
#   Use 64 bit Java on a 64 bit OS
#   Decrease Java heap size (-Xmx/-Xms)
#   Decrease number of Java threads
#   Decrease Java thread stack sizes (-Xss)
#   Set larger code cache with -XX:ReservedCodeCacheSize=
# This output file may be truncated or incomplete.
#
#  Out of Memory Error (os_linux.cpp:2827), pid=20658, tid=140505371358976
#
# JRE version: OpenJDK Runtime Environment (7.0_91-b02) (build 1.7.0_91-b02)
# Java VM: OpenJDK 64-Bit Server VM (24.91-b01 mixed mode linux-amd64 compressed oops)
# Derivative: IcedTea 2.6.3
# Distribution: Debian GNU/Linux unstable (sid), package 7u91-2.6.3-1
# Failed to write core dump. Core dumps have been disabled. To enable core dumping, try "ulimit -c unlimited" before starting Java again
#

---------------  T H R E A D  ---------------

Current thread (0x00007fc9f807e800):  VMThread [stack: 0x00007fc9f4afb000,0x00007fc9f4bfc000] [id=20763]

Stack: [0x00007fc9f4afb000,0x00007fc9f4bfc000],  sp=0x00007fc9f4bfa4f0,  free space=1021k
Native frames: (J=compiled Java code, j=interpreted, Vv=VM code, C=native code)
V  [libjvm.so+0x9948e3]  VMError::report_and_die()+0x183
V  [libjvm.so+0x48a94f]  report_vm_out_of_memory(char const*, int, unsigned long, char const*)+0x8f
V  [libjvm.so+0x8013cb]  os::pd_commit_memory(char*, unsigned long, unsigned long, bool)+0xeb
V  [libjvm.so+0x7fb7be]  os::commit_memory(char*, unsigned long, unsigned long, bool)+0x2e
V  [libjvm.so+0x871bdb]  PSVirtualSpace::expand_by(unsigned long)+0x5b
V  [libjvm.so+0x873523]  PSYoungGen::resize(unsigned long, unsigned long)+0x103
V  [libjvm.so+0x86f7a8]  PSScavenge::invoke_no_policy()+0x14b8
V  [libjvm.so+0x86fa8c]  PSScavenge::invoke()+0x4c
V  [libjvm.so+0x824d83]  ParallelScavengeHeap::failed_mem_allocate(unsigned long)+0x63
V  [libjvm.so+0x996382]  VM_ParallelGCFailedAllocation::doit()+0x92
V  [libjvm.so+0x99b0c7]  VM_Operation::evaluate()+0x47
V  [libjvm.so+0x998958]  VMThread::evaluate_operation(VM_Operation*) [clone .constprop.31]+0xb8
V  [libjvm.so+0x999ccf]  VMThread::loop()+0x24f
V  [libjvm.so+0x99a1c1]  VMThread::run()+0x81
V  [libjvm.so+0x7fe2f2]  java_start(Thread*)+0xf2

VM_Operation (0x00007fc9b3dfbfe0): ParallelGCFailedAllocation, mode: safepoint, requested by thread 0x00007fc9f81c8000


---------------  P R O C E S S  ---------------

Java Threads: ( => current thread )
  0x00007fc9f81c9800 JavaThread "pool-1-thread-4" [_thread_blocked, id=20858, stack(0x00007fc9b3bfc000,0x00007fc9b3cfd000)]
  0x00007fc9f81c8000 JavaThread "pool-1-thread-3" [_thread_blocked, id=20855, stack(0x00007fc9b3cfd000,0x00007fc9b3dfe000)]
  0x00007fc9f81c6800 JavaThread "pool-1-thread-2" [_thread_blocked, id=20850, stack(0x00007fc9b3dfe000,0x00007fc9b3eff000)]
  0x00007fc9f81c5800 JavaThread "pool-2-thread-1" [_thread_blocked, id=20842, stack(0x00007fc9b3eff000,0x00007fc9b4000000)]
  0x00007fc9f81c4000 JavaThread "pool-1-thread-1" [_thread_blocked, id=20839, stack(0x00007fc9f4039000,0x00007fc9f413a000)]
  0x00007fc9f80ba800 JavaThread "Service Thread" daemon [_thread_blocked, id=20801, stack(0x00007fc9f423b000,0x00007fc9f433c000)]
  0x00007fc9f80b8000 JavaThread "C2 CompilerThread1" daemon [_thread_blocked, id=20797, stack(0x00007fc9f433c000,0x00007fc9f443d000)]
  0x00007fc9f80b5000 JavaThread "C2 CompilerThread0" daemon [_thread_blocked, id=20791, stack(0x00007fc9f443d000,0x00007fc9f453e000)]
  0x00007fc9f80b3000 JavaThread "Signal Dispatcher" daemon [_thread_blocked, id=20786, stack(0x00007fc9f453e000,0x00007fc9f463f000)]
  0x00007fc9f8085000 JavaThread "Finalizer" daemon [_thread_blocked, id=20777, stack(0x00007fc9f48f9000,0x00007fc9f49fa000)]
  0x00007fc9f8083000 JavaThread "Reference Handler" daemon [_thread_blocked, id=20771, stack(0x00007fc9f49fa000,0x00007fc9f4afb000)]
  0x00007fc9f800a800 JavaThread "main" [_thread_blocked, id=20681, stack(0x00007fca01e04000,0x00007fca01f05000)]

Other Threads:
=>0x00007fc9f807e800 VMThread [stack: 0x00007fc9f4afb000,0x00007fc9f4bfc000] [id=20763]
  0x00007fc9f80c5000 WatcherThread [stack: 0x00007fc9f413a000,0x00007fc9f423b000] [id=20807]

VM state:at safepoint (normal execution)

VM Mutex/Monitor currently owned by a thread:  ([mutex/lock_event])
[0x00007fc9f8006a80] Threads_lock - owner thread: 0x00007fc9f807e800
[0x00007fc9f8006f80] Heap_lock - owner thread: 0x00007fc9f81c8000

Heap
 PSYoungGen      total 69632K, used 5120K [0x00000000eaa80000, 0x00000000ef380000, 0x0000000100000000)
  eden space 64512K, 0% used [0x00000000eaa80000,0x00000000eaa80000,0x00000000ee980000)
  from space 5120K, 100% used [0x00000000ee980000,0x00000000eee80000,0x00000000eee80000)
  to   space 5120K, 0% used [0x00000000eee80000,0x00000000eee80000,0x00000000ef380000)
 ParOldGen       total 84480K, used 16085K [0x00000000c0000000, 0x00000000c5280000, 0x00000000eaa80000)
  object space 84480K, 19% used [0x00000000c0000000,0x00000000c0fb54f8,0x00000000c5280000)
 PSPermGen       total 21504K, used 6204K [0x00000000b5a00000, 0x00000000b6f00000, 0x00000000c0000000)
  object space 21504K, 28% used [0x00000000b5a00000,0x00000000b600f0a8,0x00000000b6f00000)

Card table byte_map: [0x00007fc9fe787000,0x00007fc9fe9db000] byte_map_base: 0x00007fc9fe1da000

Polling page: 0x00007fca01f34000

Code Cache  [0x00007fc9f5000000, 0x00007fc9f5270000, 0x00007fc9f8000000)
 total_blobs=479 nmethods=248 adapters=184 free_code_cache=48145Kb largest_free_block=49243200

Compilation events (10 events):
Event: 19,535 Thread 0x00007fc9f80b5000 nmethod 247 0x00007fc9f5086b90 code [0x00007fc9f5086d80, 0x00007fc9f5087638]
Event: 19,535 Thread 0x00007fc9f80b5000  248             com.android.dx.rop.code.BasicBlockList::forEachInsn (39 bytes)
Event: 19,573 Thread 0x00007fc9f80b5000 nmethod 248 0x00007fc9f50e9150 code [0x00007fc9f50e92c0, 0x00007fc9f50e9578]
Event: 19,573 Thread 0x00007fc9f80b5000  249             com.android.dx.rop.cst.CstString::compareTo0 (15 bytes)
Event: 19,574 Thread 0x00007fc9f80b5000 nmethod 249 0x00007fc9f50eb710 code [0x00007fc9f50eb860, 0x00007fc9f50eb9d8]
Event: 19,574 Thread 0x00007fc9f80b5000  250             com.android.dx.rop.code.PlainInsn::<init> (73 bytes)
Event: 19,575 Thread 0x00007fc9f80b5000 nmethod 250 0x00007fc9f5086790 code [0x00007fc9f50868e0, 0x00007fc9f5086a38]
Event: 19,575 Thread 0x00007fc9f80b5000  251             com.android.dx.rop.code.RegisterSpec::getNextReg (10 bytes)
Event: 19,576 Thread 0x00007fc9f80b5000 nmethod 251 0x00007fc9f50d2450 code [0x00007fc9f50d25a0, 0x00007fc9f50d2678]
Event: 19,576 Thread 0x00007fc9f80b5000  252             com.android.dx.ssa.SCCP::run (298 bytes)

GC Heap History (5 events):
Event: 1,742 GC heap before
{Heap before GC invocations=1 (full 0):
 PSYoungGen      total 37376K, used 32256K [0x00000000eaa80000, 0x00000000ed400000, 0x0000000100000000)
  eden space 32256K, 100% used [0x00000000eaa80000,0x00000000eca00000,0x00000000eca00000)
  from space 5120K, 0% used [0x00000000ecf00000,0x00000000ecf00000,0x00000000ed400000)
  to   space 5120K, 0% used [0x00000000eca00000,0x00000000eca00000,0x00000000ecf00000)
 ParOldGen       total 84480K, used 0K [0x00000000c0000000, 0x00000000c5280000, 0x00000000eaa80000)
  object space 84480K, 0% used [0x00000000c0000000,0x00000000c0000000,0x00000000c5280000)
 PSPermGen       total 21504K, used 6001K [0x00000000b5a00000, 0x00000000b6f00000, 0x00000000c0000000)
  object space 21504K, 27% used [0x00000000b5a00000,0x00000000b5fdc428,0x00000000b6f00000)
Event: 1,799 GC heap after
Heap after GC invocations=1 (full 0):
 PSYoungGen      total 37376K, used 5104K [0x00000000eaa80000, 0x00000000ef380000, 0x0000000100000000)
  eden space 32256K, 0% used [0x00000000eaa80000,0x00000000eaa80000,0x00000000eca00000)
  from space 5120K, 99% used [0x00000000eca00000,0x00000000ecefc390,0x00000000ecf00000)
  to   space 5120K, 0% used [0x00000000eee80000,0x00000000eee80000,0x00000000ef380000)
 ParOldGen       total 84480K, used 1086K [0x00000000c0000000, 0x00000000c5280000, 0x00000000eaa80000)
  object space 84480K, 1% used [0x00000000c0000000,0x00000000c010f980,0x00000000c5280000)
 PSPermGen       total 21504K, used 6001K [0x00000000b5a00000, 0x00000000b6f00000, 0x00000000c0000000)
  object space 21504K, 27% used [0x00000000b5a00000,0x00000000b5fdc428,0x00000000b6f00000)
}
Event: 11,191 GC heap before
{Heap before GC invocations=2 (full 0):
 PSYoungGen      total 37376K, used 37360K [0x00000000eaa80000, 0x00000000ef380000, 0x0000000100000000)
  eden space 32256K, 100% used [0x00000000eaa80000,0x00000000eca00000,0x00000000eca00000)
  from space 5120K, 99% used [0x00000000eca00000,0x00000000ecefc390,0x00000000ecf00000)
  to   space 5120K, 0% used [0x00000000eee80000,0x00000000eee80000,0x00000000ef380000)
 ParOldGen       total 84480K, used 1086K [0x00000000c0000000, 0x00000000c5280000, 0x00000000eaa80000)
  object space 84480K, 1% used [0x00000000c0000000,0x00000000c010f980,0x00000000c5280000)
 PSPermGen       total 21504K, used 6140K [0x00000000b5a00000, 0x00000000b6f00000, 0x00000000c0000000)
  object space 21504K, 28% used [0x00000000b5a00000,0x00000000b5fff298,0x00000000b6f00000)
Event: 11,262 GC heap after
Heap after GC invocations=2 (full 0):
 PSYoungGen      total 69632K, used 5111K [0x00000000eaa80000, 0x00000000ef380000, 0x0000000100000000)
  eden space 64512K, 0% used [0x00000000eaa80000,0x00000000eaa80000,0x00000000ee980000)
  from space 5120K, 99% used [0x00000000eee80000,0x00000000ef37dc88,0x00000000ef380000)
  to   space 5120K, 0% used [0x00000000ee980000,0x00000000ee980000,0x00000000eee80000)
 ParOldGen       total 84480K, used 5186K [0x00000000c0000000, 0x00000000c5280000, 0x00000000eaa80000)
  object space 84480K, 6% used [0x00000000c0000000,0x00000000c0510ab0,0x00000000c5280000)
 PSPermGen       total 21504K, used 6140K [0x00000000b5a00000, 0x00000000b6f00000, 0x00000000c0000000)
  object space 21504K, 28% used [0x00000000b5a00000,0x00000000b5fff298,0x00000000b6f00000)
}
Event: 19,878 GC heap before
{Heap before GC invocations=3 (full 0):
 PSYoungGen      total 69632K, used 69623K [0x00000000eaa80000, 0x00000000ef380000, 0x0000000100000000)
  eden space 64512K, 100% used [0x00000000eaa80000,0x00000000ee980000,0x00000000ee980000)
  from space 5120K, 99% used [0x00000000eee80000,0x00000000ef37dc88,0x00000000ef380000)
  to   space 5120K, 0% used [0x00000000ee980000,0x00000000ee980000,0x00000000eee80000)
 ParOldGen       total 84480K, used 5186K [0x00000000c0000000, 0x00000000c5280000, 0x00000000eaa80000)
  object space 84480K, 6% used [0x00000000c0000000,0x00000000c0510ab0,0x00000000c5280000)
 PSPermGen       total 21504K, used 6204K [0x00000000b5a00000, 0x00000000b6f00000, 0x00000000c0000000)
  object space 21504K, 28% used [0x00000000b5a00000,0x00000000b600f0a8,0x00000000b6f00000)

Deoptimization events (10 events):
Event: 1,139 Thread 0x00007fc9f81c6800 Uncommon trap: reason=unstable_if action=reinterpret pc=0x00007fc9f5086cf0 method=java.util.BitSet.nextSetBit(I)I @ 87
Event: 1,220 Thread 0x00007fc9f81c6800 Uncommon trap: reason=null_check action=make_not_entrant pc=0x00007fc9f508ca80 method=com.android.dx.rop.code.LocalItem.equals(Ljava/lang/Object;)Z @ 1
Event: 2,354 Thread 0x00007fc9f81c9800 Uncommon trap: reason=unstable_if action=reinterpret pc=0x00007fc9f508b4bc method=com.android.dx.ssa.SsaRenamer$BlockRenamer.addMapping(ILcom/android/dx/rop/code/RegisterSpec;)V @ 120
Event: 2,404 Thread 0x00007fc9f81c6800 Uncommon trap: reason=null_check action=make_not_entrant pc=0x00007fc9f50a1a28 method=com.android.dx.ssa.SsaRenamer.getLocalForNewReg(I)Lcom/android/dx/rop/code/LocalItem; @ 19
Event: 11,493 Thread 0x00007fc9f800a800 Uncommon trap: reason=null_check action=make_not_entrant pc=0x00007fc9f50bc78c method=com.android.dx.rop.type.Type.putIntern(Lcom/android/dx/rop/type/Type;)Lcom/android/dx/rop/type/Type; @ 18
Event: 12,898 Thread 0x00007fc9f81c6800 Uncommon trap: reason=unstable_if action=reinterpret pc=0x00007fc9f50c7e60 method=com.android.dx.dex.code.OutputFinisher.hasLocalInfo(Lcom/android/dx/dex/code/DalvInsn;)Z @ 24
Event: 12,924 Thread 0x00007fc9f800a800 Uncommon trap: reason=unstable_if action=reinterpret pc=0x00007fc9f5091b84 method=com.android.dx.rop.code.RegisterSpec.equals(ILcom/android/dx/rop/type/TypeBearer;Lcom/android/dx/rop/code/LocalItem;)Z @ 42
Event: 19,084 Thread 0x00007fc9f800a800 Uncommon trap: reason=unstable_if action=reinterpret pc=0x00007fc9f5074f04 method=com.android.dx.rop.cst.Constant.compareTo(Lcom/android/dx/rop/cst/Constant;)I @ 12
Event: 19,814 Thread 0x00007fc9f81c6800 Uncommon trap: reason=unstable_if action=reinterpret pc=0x00007fc9f50b7ccc method=com.android.dx.dex.code.OutputFinisher.hasLocalInfo(Lcom/android/dx/dex/code/DalvInsn;)Z @ 24
Event: 19,864 Thread 0x00007fc9f81c6800 Uncommon trap: reason=unstable_if action=reinterpret pc=0x00007fc9f50c76c4 method=com.android.dx.dex.code.OutputFinisher.hasLocalInfo(Lcom/android/dx/dex/code/DalvInsn;)Z @ 24

Internal exceptions (10 events):
Event: 0,713 Thread 0x00007fc9f800a800 Threw 0x00000000ebadd600 at /home/packages/openjdk/7/openjdk-7-7u91-2.6.3/build/openjdk/hotspot/src/share/vm/prims/jvm.cpp:1322
Event: 0,715 Thread 0x00007fc9f800a800 Threw 0x00000000ebae6848 at /home/packages/openjdk/7/openjdk-7-7u91-2.6.3/build/openjdk/hotspot/src/share/vm/prims/jvm.cpp:1322
Event: 0,754 Thread 0x00007fc9f81c6800 Threw 0x00000000ebb3c930 at /home/packages/openjdk/7/openjdk-7-7u91-2.6.3/build/openjdk/hotspot/src/share/vm/prims/jvm.cpp:1322
Event: 1,220 Thread 0x00007fc9f81c6800 Implicit null exception at 0x00007fc9f508c1a6 to 0x00007fc9f508ca65
Event: 1,555 Thread 0x00007fc9f81c4000 Threw 0x00000000ec56f9b0 at /home/packages/openjdk/7/openjdk-7-7u91-2.6.3/build/openjdk/hotspot/src/share/vm/prims/jvm.cpp:1322
Event: 1,556 Thread 0x00007fc9f81c4000 Threw 0x00000000ec576170 at /home/packages/openjdk/7/openjdk-7-7u91-2.6.3/build/openjdk/hotspot/src/share/vm/prims/jvm.cpp:1322
Event: 2,229 Thread 0x00007fc9f800a800 Threw 0x00000000eb879860 at /home/packages/openjdk/7/openjdk-7-7u91-2.6.3/build/openjdk/hotspot/src/share/vm/prims/jvm.cpp:1322
Event: 2,404 Thread 0x00007fc9f81c6800 Implicit null exception at 0x00007fc9f509feb3 to 0x00007fc9f50a1a01
Event: 11,493 Thread 0x00007fc9f800a800 Implicit null exception at 0x00007fc9f50bc0cb to 0x00007fc9f50bc77d
Event: 12,144 Thread 0x00007fc9f81c4000 Threw 0x00000000eb9d4420 at /home/packages/openjdk/7/openjdk-7-7u91-2.6.3/build/openjdk/hotspot/src/share/vm/prims/jvm.cpp:1322

Events (10 events):
Event: 19,374 Thread 0x00007fc9f80b8000 flushing nmethod 0x00007fc9f5077690
Event: 19,425 Thread 0x00007fc9f80b5000 flushing nmethod 0x00007fc9f5085fd0
Event: 19,425 Thread 0x00007fc9f80b5000 flushing nmethod 0x00007fc9f508bad0
Event: 19,814 Thread 0x00007fc9f81c6800 Uncommon trap: trap_request=0xffffff75 fr.pc=0x00007fc9f50b7ccc
Event: 19,814 Thread 0x00007fc9f81c6800 DEOPT PACKING pc=0x00007fc9f50b7ccc sp=0x00007fc9b3efd220
Event: 19,815 Thread 0x00007fc9f81c6800 DEOPT UNPACKING pc=0x00007fc9f5039445 sp=0x00007fc9b3efd118 mode 2
Event: 19,864 Thread 0x00007fc9f81c6800 Uncommon trap: trap_request=0xffffff75 fr.pc=0x00007fc9f50c76c4
Event: 19,864 Thread 0x00007fc9f81c6800 DEOPT PACKING pc=0x00007fc9f50c76c4 sp=0x00007fc9b3efd1d0
Event: 19,864 Thread 0x00007fc9f81c6800 DEOPT UNPACKING pc=0x00007fc9f5039445 sp=0x00007fc9b3efd118 mode 2
Event: 19,866 Executing VM operation: ParallelGCFailedAllocation


Dynamic libraries:
00400000-00401000 r-xp 00000000 08:13 2753713                            /usr/lib/jvm/java-7-openjdk-amd64/jre/bin/java
00600000-00601000 r--p 00000000 08:13 2753713                            /usr/lib/jvm/java-7-openjdk-amd64/jre/bin/java
00601000-00602000 rw-p 00001000 08:13 2753713                            /usr/lib/jvm/java-7-openjdk-amd64/jre/bin/java
00a13000-00a34000 rw-p 00000000 00:00 0                                  [heap]
b5a00000-b6f00000 rw-p 00000000 00:00 0 
b6f00000-c0000000 rw-p 00000000 00:00 0 
c0000000-c5280000 rw-p 00000000 00:00 0 
c5280000-eaa80000 rw-p 00000000 00:00 0 
eaa80000-ef380000 rw-p 00000000 00:00 0 
f3280000-100000000 rw-p 00000000 00:00 0 
7fc998000000-7fc998031000 rw-p 00000000 00:00 0 
7fc998031000-7fc99c000000 ---p 00000000 00:00 0 
7fc99c000000-7fc99c021000 rw-p 00000000 00:00 0 
7fc99c021000-7fc9a0000000 ---p 00000000 00:00 0 
7fc9a0000000-7fc9a0021000 rw-p 00000000 00:00 0 
7fc9a0021000-7fc9a4000000 ---p 00000000 00:00 0 
7fc9a4000000-7fc9a4021000 rw-p 00000000 00:00 0 
7fc9a4021000-7fc9a8000000 ---p 00000000 00:00 0 
7fc9a8000000-7fc9a8037000 rw-p 00000000 00:00 0 
7fc9a8037000-7fc9ac000000 ---p 00000000 00:00 0 
7fc9ac000000-7fc9ac021000 rw-p 00000000 00:00 0 
7fc9ac021000-7fc9b0000000 ---p 00000000 00:00 0 
7fc9b3bfc000-7fc9b3bff000 ---p 00000000 00:00 0 
7fc9b3bff000-7fc9b3cfd000 rw-p 00000000 00:00 0                          [stack:20858]
7fc9b3cfd000-7fc9b3d00000 ---p 00000000 00:00 0 
7fc9b3d00000-7fc9b3dfe000 rw-p 00000000 00:00 0                          [stack:20855]
7fc9b3dfe000-7fc9b3e01000 ---p 00000000 00:00 0 
7fc9b3e01000-7fc9b3eff000 rw-p 00000000 00:00 0                          [stack:20850]
7fc9b3eff000-7fc9b3f02000 ---p 00000000 00:00 0 
7fc9b3f02000-7fc9b4000000 rw-p 00000000 00:00 0                          [stack:20842]
7fc9b4000000-7fc9b4b9c000 rw-p 00000000 00:00 0 
7fc9b4b9c000-7fc9b8000000 ---p 00000000 00:00 0 
7fc9b8000000-7fc9b8021000 rw-p 00000000 00:00 0 
7fc9b8021000-7fc9bc000000 ---p 00000000 00:00 0 
7fc9bc000000-7fc9bc021000 rw-p 00000000 00:00 0 
7fc9bc021000-7fc9c0000000 ---p 00000000 00:00 0 
7fc9c0000000-7fc9c0a6f000 rw-p 00000000 00:00 0 
7fc9c0a6f000-7fc9c4000000 ---p 00000000 00:00 0 
7fc9c4000000-7fc9c4021000 rw-p 00000000 00:00 0 
7fc9c4021000-7fc9c8000000 ---p 00000000 00:00 0 
7fc9c8000000-7fc9c8021000 rw-p 00000000 00:00 0 
7fc9c8021000-7fc9cc000000 ---p 00000000 00:00 0 
7fc9cc000000-7fc9cc23f000 rw-p 00000000 00:00 0 
7fc9cc23f000-7fc9d0000000 ---p 00000000 00:00 0 
7fc9d000e000-7fc9d030f000 rw-p 00000000 00:00 0 
7fc9d030f000-7fc9d037b000 r-xp 00000000 08:13 1704003                    /lib/x86_64-linux-gnu/libpcre.so.3.13.1
7fc9d037b000-7fc9d057a000 ---p 0006c000 08:13 1704003                    /lib/x86_64-linux-gnu/libpcre.so.3.13.1
7fc9d057a000-7fc9d057b000 r--p 0006b000 08:13 1704003                    /lib/x86_64-linux-gnu/libpcre.so.3.13.1
7fc9d057b000-7fc9d057c000 rw-p 0006c000 08:13 1704003                    /lib/x86_64-linux-gnu/libpcre.so.3.13.1
7fc9d057c000-7fc9d0583000 r-xp 00000000 08:13 2753657                    /usr/lib/x86_64-linux-gnu/libffi.so.6.0.4
7fc9d0583000-7fc9d0783000 ---p 00007000 08:13 2753657                    /usr/lib/x86_64-linux-gnu/libffi.so.6.0.4
7fc9d0783000-7fc9d0784000 r--p 00007000 08:13 2753657                    /usr/lib/x86_64-linux-gnu/libffi.so.6.0.4
7fc9d0784000-7fc9d0785000 rw-p 00008000 08:13 2753657                    /usr/lib/x86_64-linux-gnu/libffi.so.6.0.4
7fc9d0785000-7fc9d0799000 r-xp 00000000 08:13 1704671                    /lib/x86_64-linux-gnu/libresolv-2.21.so
7fc9d0799000-7fc9d0998000 ---p 00014000 08:13 1704671                    /lib/x86_64-linux-gnu/libresolv-2.21.so
7fc9d0998000-7fc9d0999000 r--p 00013000 08:13 1704671                    /lib/x86_64-linux-gnu/libresolv-2.21.so
7fc9d0999000-7fc9d099a000 rw-p 00014000 08:13 1704671                    /lib/x86_64-linux-gnu/libresolv-2.21.so
7fc9d099a000-7fc9d099c000 rw-p 00000000 00:00 0 
7fc9d099c000-7fc9d09bb000 r-xp 00000000 08:13 1704066                    /lib/x86_64-linux-gnu/libselinux.so.1
7fc9d09bb000-7fc9d0bba000 ---p 0001f000 08:13 1704066                    /lib/x86_64-linux-gnu/libselinux.so.1
7fc9d0bba000-7fc9d0bbb000 r--p 0001e000 08:13 1704066                    /lib/x86_64-linux-gnu/libselinux.so.1
7fc9d0bbb000-7fc9d0bbc000 rw-p 0001f000 08:13 1704066                    /lib/x86_64-linux-gnu/libselinux.so.1
7fc9d0bbc000-7fc9d0bbe000 rw-p 00000000 00:00 0 
7fc9d0bbe000-7fc9d0bc1000 r-xp 00000000 08:13 2753613                    /usr/lib/x86_64-linux-gnu/libgmodule-2.0.so.0.4600.2
7fc9d0bc1000-7fc9d0dc0000 ---p 00003000 08:13 2753613                    /usr/lib/x86_64-linux-gnu/libgmodule-2.0.so.0.4600.2
7fc9d0dc0000-7fc9d0dc1000 r--p 00002000 08:13 2753613                    /usr/lib/x86_64-linux-gnu/libgmodule-2.0.so.0.4600.2
7fc9d0dc1000-7fc9d0dc2000 rw-p 00003000 08:13 2753613                    /usr/lib/x86_64-linux-gnu/libgmodule-2.0.so.0.4600.2
7fc9d0dc2000-7fc9d0ece000 r-xp 00000000 08:13 1704518                    /lib/x86_64-linux-gnu/libglib-2.0.so.0.4600.2
7fc9d0ece000-7fc9d10ce000 ---p 0010c000 08:13 1704518                    /lib/x86_64-linux-gnu/libglib-2.0.so.0.4600.2
7fc9d10ce000-7fc9d10cf000 r--p 0010c000 08:13 1704518                    /lib/x86_64-linux-gnu/libglib-2.0.so.0.4600.2
7fc9d10cf000-7fc9d10d0000 rw-p 0010d000 08:13 1704518                    /lib/x86_64-linux-gnu/libglib-2.0.so.0.4600.2
7fc9d10d0000-7fc9d10d1000 rw-p 00000000 00:00 0 
7fc9d10d1000-7fc9d1122000 r-xp 00000000 08:13 2753611                    /usr/lib/x86_64-linux-gnu/libgobject-2.0.so.0.4600.2
7fc9d1122000-7fc9d1322000 ---p 00051000 08:13 2753611                    /usr/lib/x86_64-linux-gnu/libgobject-2.0.so.0.4600.2
7fc9d1322000-7fc9d1323000 r--p 00051000 08:13 2753611                    /usr/lib/x86_64-linux-gnu/libgobject-2.0.so.0.4600.2
7fc9d1323000-7fc9d1324000 rw-p 00052000 08:13 2753611                    /usr/lib/x86_64-linux-gnu/libgobject-2.0.so.0.4600.2
7fc9d1324000-7fc9d149d000 r-xp 00000000 08:13 2754414                    /usr/lib/x86_64-linux-gnu/libgio-2.0.so.0.4600.2
7fc9d149d000-7fc9d169d000 ---p 00179000 08:13 2754414                    /usr/lib/x86_64-linux-gnu/libgio-2.0.so.0.4600.2
7fc9d169d000-7fc9d16a1000 r--p 00179000 08:13 2754414                    /usr/lib/x86_64-linux-gnu/libgio-2.0.so.0.4600.2
7fc9d16a1000-7fc9d16a3000 rw-p 0017d000 08:13 2754414                    /usr/lib/x86_64-linux-gnu/libgio-2.0.so.0.4600.2
7fc9d16a3000-7fc9d16a5000 rw-p 00000000 00:00 0 
7fc9d16a5000-7fc9d16bc000 r-xp 00000000 08:13 2792717                    /usr/lib/jvm/java-7-openjdk-amd64/jre/lib/amd64/libnet.so
7fc9d16bc000-7fc9d18bc000 ---p 00017000 08:13 2792717                    /usr/lib/jvm/java-7-openjdk-amd64/jre/lib/amd64/libnet.so
7fc9d18bc000-7fc9d18bd000 r--p 00017000 08:13 2792717                    /usr/lib/jvm/java-7-openjdk-amd64/jre/lib/amd64/libnet.so
7fc9d18bd000-7fc9d18be000 rw-p 00018000 08:13 2792717                    /usr/lib/jvm/java-7-openjdk-amd64/jre/lib/amd64/libnet.so
7fc9d18be000-7fc9d18cf000 r-xp 00000000 08:13 2792725                    /usr/lib/jvm/java-7-openjdk-amd64/jre/lib/amd64/libnio.so
7fc9d18cf000-7fc9d1ace000 ---p 00011000 08:13 2792725                    /usr/lib/jvm/java-7-openjdk-amd64/jre/lib/amd64/libnio.so
7fc9d1ace000-7fc9d1acf000 r--p 00010000 08:13 2792725                    /usr/lib/jvm/java-7-openjdk-amd64/jre/lib/amd64/libnio.so
7fc9d1acf000-7fc9d1ad0000 rw-p 00011000 08:13 2792725                    /usr/lib/jvm/java-7-openjdk-amd64/jre/lib/amd64/libnio.so
7fc9d1ad0000-7fc9d4000000 rw-p 00000000 00:00 0 
7fc9d4000000-7fc9d4021000 rw-p 00000000 00:00 0 
7fc9d4021000-7fc9d8000000 ---p 00000000 00:00 0 
7fc9d8000000-7fc9d8021000 rw-p 00000000 00:00 0 
7fc9d8021000-7fc9dc000000 ---p 00000000 00:00 0 
7fc9dc000000-7fc9dc021000 rw-p 00000000 00:00 0 
7fc9dc021000-7fc9e0000000 ---p 00000000 00:00 0 
7fc9e0000000-7fc9e0021000 rw-p 00000000 00:00 0 
7fc9e0021000-7fc9e4000000 ---p 00000000 00:00 0 
7fc9e4000000-7fc9e4021000 rw-p 00000000 00:00 0 
7fc9e4021000-7fc9e8000000 ---p 00000000 00:00 0 
7fc9e8000000-7fc9e8021000 rw-p 00000000 00:00 0 
7fc9e8021000-7fc9ec000000 ---p 00000000 00:00 0 
7fc9ec000000-7fc9ec021000 rw-p 00000000 00:00 0 
7fc9ec021000-7fc9f0000000 ---p 00000000 00:00 0 
7fc9f0000000-7fc9f0021000 rw-p 00000000 00:00 0 
7fc9f0021000-7fc9f4000000 ---p 00000000 00:00 0 
7fc9f4039000-7fc9f403c000 ---p 00000000 00:00 0 
7fc9f403c000-7fc9f413a000 rw-p 00000000 00:00 0                          [stack:20839]
7fc9f413a000-7fc9f413b000 ---p 00000000 00:00 0 
7fc9f413b000-7fc9f423b000 rw-p 00000000 00:00 0                          [stack:20807]
7fc9f423b000-7fc9f423e000 ---p 00000000 00:00 0 
7fc9f423e000-7fc9f433c000 rw-p 00000000 00:00 0                          [stack:20801]
7fc9f433c000-7fc9f433f000 ---p 00000000 00:00 0 
7fc9f433f000-7fc9f443d000 rw-p 00000000 00:00 0                          [stack:20797]
7fc9f443d000-7fc9f4440000 ---p 00000000 00:00 0 
7fc9f4440000-7fc9f453e000 rw-p 00000000 00:00 0                          [stack:20791]
7fc9f453e000-7fc9f4541000 ---p 00000000 00:00 0 
7fc9f4541000-7fc9f463f000 rw-p 00000000 00:00 0                          [stack:20786]
7fc9f463f000-7fc9f48f9000 r--p 00000000 08:13 2759351                    /usr/lib/locale/locale-archive
7fc9f48f9000-7fc9f48fc000 ---p 00000000 00:00 0 
7fc9f48fc000-7fc9f49fa000 rw-p 00000000 00:00 0                          [stack:20777]
7fc9f49fa000-7fc9f49fd000 ---p 00000000 00:00 0 
7fc9f49fd000-7fc9f4afb000 rw-p 00000000 00:00 0                          [stack:20771]
7fc9f4afb000-7fc9f4afc000 ---p 00000000 00:00 0 
7fc9f4afc000-7fc9f5000000 rw-p 00000000 00:00 0                          [stack:20763]
7fc9f5000000-7fc9f5270000 rwxp 00000000 00:00 0 
7fc9f5270000-7fc9f8207000 rw-p 00000000 00:00 0 
7fc9f8207000-7fc9fc000000 ---p 00000000 00:00 0 
7fc9fc02a000-7fc9fc040000 r--s 000ee000 08:12 2527105                    /home/vakz/.gradle/caches/modules-2/files-2.1/cz.msebera.android/httpclient/4.3.6/526a9f794eab830eae4f23a62c572878b3f491ab/httpclient-4.3.6.jar
7fc9fc040000-7fc9fc04f000 r--s 000df000 08:12 2663189                    /home/vakz/Android/Sdk/build-tools/23.0.2/lib/dx.jar
7fc9fc04f000-7fc9fd8d8000 rw-p 00000000 00:00 0 
7fc9fd8d8000-7fc9fda8a000 r--s 01d2e000 08:13 2799505                    /usr/lib/jvm/java-7-openjdk-amd64/jre/lib/rt.jar
7fc9fda8a000-7fc9fddd6000 rw-p 00000000 00:00 0 
7fc9fddd6000-7fc9fddd7000 ---p 00000000 00:00 0 
7fc9fddd7000-7fc9fded7000 rw-p 00000000 00:00 0                          [stack:20761]
7fc9fded7000-7fc9fded8000 ---p 00000000 00:00 0 
7fc9fded8000-7fc9fdfd8000 rw-p 00000000 00:00 0                          [stack:20760]
7fc9fdfd8000-7fc9fdfd9000 ---p 00000000 00:00 0 
7fc9fdfd9000-7fc9fe0d9000 rw-p 00000000 00:00 0                          [stack:20759]
7fc9fe0d9000-7fc9fe0da000 ---p 00000000 00:00 0 
7fc9fe0da000-7fc9fe1da000 rw-p 00000000 00:00 0                          [stack:20758]
7fc9fe1da000-7fc9fe1db000 ---p 00000000 00:00 0 
7fc9fe1db000-7fc9fe2db000 rw-p 00000000 00:00 0                          [stack:20757]
7fc9fe2db000-7fc9fe2dc000 ---p 00000000 00:00 0 
7fc9fe2dc000-7fc9fe3dc000 rw-p 00000000 00:00 0                          [stack:20756]
7fc9fe3dc000-7fc9fe3dd000 ---p 00000000 00:00 0 
7fc9fe3dd000-7fc9fe4dd000 rw-p 00000000 00:00 0                          [stack:20755]
7fc9fe4dd000-7fc9fe4de000 ---p 00000000 00:00 0 
7fc9fe4de000-7fc9fe5e9000 rw-p 00000000 00:00 0                          [stack:20699]
7fc9fe5e9000-7fc9fe631000 rw-p 00000000 00:00 0 
7fc9fe631000-7fc9fe65b000 rw-p 00000000 00:00 0 
7fc9fe65b000-7fc9fe787000 rw-p 00000000 00:00 0 
7fc9fe787000-7fc9fe792000 rw-p 00000000 00:00 0 
7fc9fe792000-7fc9fe7da000 rw-p 00000000 00:00 0 
7fc9fe7da000-7fc9fe804000 rw-p 00000000 00:00 0 
7fc9fe804000-7fc9fe92f000 rw-p 00000000 00:00 0 
7fc9fe92f000-7fc9fe954000 rw-p 00000000 00:00 0 
7fc9fe954000-7fc9fe9da000 rw-p 00000000 00:00 0 
7fc9fe9da000-7fc9fe9db000 rw-p 00000000 00:00 0 
7fc9fe9db000-7fc9fe9e3000 r-xp 00000000 08:13 2792726                    /usr/lib/jvm/java-7-openjdk-amd64/jre/lib/amd64/libzip.so
7fc9fe9e3000-7fc9febe2000 ---p 00008000 08:13 2792726                    /usr/lib/jvm/java-7-openjdk-amd64/jre/lib/amd64/libzip.so
7fc9febe2000-7fc9febe3000 r--p 00007000 08:13 2792726                    /usr/lib/jvm/java-7-openjdk-amd64/jre/lib/amd64/libzip.so
7fc9febe3000-7fc9febe4000 rw-p 00008000 08:13 2792726                    /usr/lib/jvm/java-7-openjdk-amd64/jre/lib/amd64/libzip.so
7fc9febe4000-7fc9febef000 r-xp 00000000 08:13 1704654                    /lib/x86_64-linux-gnu/libnss_files-2.21.so
7fc9febef000-7fc9fedee000 ---p 0000b000 08:13 1704654                    /lib/x86_64-linux-gnu/libnss_files-2.21.so
7fc9fedee000-7fc9fedef000 r--p 0000a000 08:13 1704654                    /lib/x86_64-linux-gnu/libnss_files-2.21.so
7fc9fedef000-7fc9fedf0000 rw-p 0000b000 08:13 1704654                    /lib/x86_64-linux-gnu/libnss_files-2.21.so
7fc9fedf0000-7fc9fedfa000 r-xp 00000000 08:13 1704668                    /lib/x86_64-linux-gnu/libnss_nis-2.21.so
7fc9fedfa000-7fc9feffa000 ---p 0000a000 08:13 1704668                    /lib/x86_64-linux-gnu/libnss_nis-2.21.so
7fc9feffa000-7fc9feffb000 r--p 0000a000 08:13 1704668                    /lib/x86_64-linux-gnu/libnss_nis-2.21.so
7fc9feffb000-7fc9feffc000 rw-p 0000b000 08:13 1704668                    /lib/x86_64-linux-gnu/libnss_nis-2.21.so
7fc9feffc000-7fc9ff011000 r-xp 00000000 08:13 1704572                    /lib/x86_64-linux-gnu/libnsl-2.21.so
7fc9ff011000-7fc9ff210000 ---p 00015000 08:13 1704572                    /lib/x86_64-linux-gnu/libnsl-2.21.so
7fc9ff210000-7fc9ff211000 r--p 00014000 08:13 1704572                    /lib/x86_64-linux-gnu/libnsl-2.21.so
7fc9ff211000-7fc9ff212000 rw-p 00015000 08:13 1704572                    /lib/x86_64-linux-gnu/libnsl-2.21.so
7fc9ff212000-7fc9ff214000 rw-p 00000000 00:00 0 
7fc9ff214000-7fc9ff21b000 r-xp 00000000 08:13 1704642                    /lib/x86_64-linux-gnu/libnss_compat-2.21.so
7fc9ff21b000-7fc9ff41a000 ---p 00007000 08:13 1704642                    /lib/x86_64-linux-gnu/libnss_compat-2.21.so
7fc9ff41a000-7fc9ff41b000 r--p 00006000 08:13 1704642                    /lib/x86_64-linux-gnu/libnss_compat-2.21.so
7fc9ff41b000-7fc9ff41c000 rw-p 00007000 08:13 1704642                    /lib/x86_64-linux-gnu/libnss_compat-2.21.so
7fc9ff41c000-7fc9ff448000 r-xp 00000000 08:13 2792720                    /usr/lib/jvm/java-7-openjdk-amd64/jre/lib/amd64/libjava.so
7fc9ff448000-7fc9ff647000 ---p 0002c000 08:13 2792720                    /usr/lib/jvm/java-7-openjdk-amd64/jre/lib/amd64/libjava.so
7fc9ff647000-7fc9ff648000 r--p 0002b000 08:13 2792720                    /usr/lib/jvm/java-7-openjdk-amd64/jre/lib/amd64/libjava.so
7fc9ff648000-7fc9ff64a000 rw-p 0002c000 08:13 2792720                    /usr/lib/jvm/java-7-openjdk-amd64/jre/lib/amd64/libjava.so
7fc9ff64a000-7fc9ff659000 r-xp 00000000 08:13 2792712                    /usr/lib/jvm/java-7-openjdk-amd64/jre/lib/amd64/libverify.so
7fc9ff659000-7fc9ff858000 ---p 0000f000 08:13 2792712                    /usr/lib/jvm/java-7-openjdk-amd64/jre/lib/amd64/libverify.so
7fc9ff858000-7fc9ff85a000 r--p 0000e000 08:13 2792712                    /usr/lib/jvm/java-7-openjdk-amd64/jre/lib/amd64/libverify.so
7fc9ff85a000-7fc9ff85b000 rw-p 00010000 08:13 2792712                    /usr/lib/jvm/java-7-openjdk-amd64/jre/lib/amd64/libverify.so
7fc9ff85b000-7fc9ff862000 r-xp 00000000 08:13 1704672                    /lib/x86_64-linux-gnu/librt-2.21.so
7fc9ff862000-7fc9ffa61000 ---p 00007000 08:13 1704672                    /lib/x86_64-linux-gnu/librt-2.21.so
7fc9ffa61000-7fc9ffa62000 r--p 00006000 08:13 1704672                    /lib/x86_64-linux-gnu/librt-2.21.so
7fc9ffa62000-7fc9ffa63000 rw-p 00007000 08:13 1704672                    /lib/x86_64-linux-gnu/librt-2.21.so
7fc9ffa63000-7fc9ffa79000 r-xp 00000000 08:13 1704004                    /lib/x86_64-linux-gnu/libgcc_s.so.1
7fc9ffa79000-7fc9ffc78000 ---p 00016000 08:13 1704004                    /lib/x86_64-linux-gnu/libgcc_s.so.1
7fc9ffc78000-7fc9ffc79000 rw-p 00015000 08:13 1704004                    /lib/x86_64-linux-gnu/libgcc_s.so.1
7fc9ffc79000-7fc9ffd7c000 r-xp 00000000 08:13 1704351                    /lib/x86_64-linux-gnu/libm-2.21.so
7fc9ffd7c000-7fc9fff7c000 ---p 00103000 08:13 1704351                    /lib/x86_64-linux-gnu/libm-2.21.so
7fc9fff7c000-7fc9fff7d000 r--p 00103000 08:13 1704351                    /lib/x86_64-linux-gnu/libm-2.21.so
7fc9fff7d000-7fc9fff7e000 rw-p 00104000 08:13 1704351                    /lib/x86_64-linux-gnu/libm-2.21.so
7fc9fff7e000-7fca000e9000 r-xp 00000000 08:13 2752939                    /usr/lib/x86_64-linux-gnu/libstdc++.so.6.0.21
7fca000e9000-7fca002e9000 ---p 0016b000 08:13 2752939                    /usr/lib/x86_64-linux-gnu/libstdc++.so.6.0.21
7fca002e9000-7fca002f3000 r--p 0016b000 08:13 2752939                    /usr/lib/x86_64-linux-gnu/libstdc++.so.6.0.21
7fca002f3000-7fca002f5000 rw-p 00175000 08:13 2752939                    /usr/lib/x86_64-linux-gnu/libstdc++.so.6.0.21
7fca002f5000-7fca002f9000 rw-p 00000000 00:00 0 
7fca002f9000-7fca00e4a000 r-xp 00000000 08:13 2792732                    /usr/lib/jvm/java-7-openjdk-amd64/jre/lib/amd64/server/libjvm.so
7fca00e4a000-7fca01049000 ---p 00b51000 08:13 2792732                    /usr/lib/jvm/java-7-openjdk-amd64/jre/lib/amd64/server/libjvm.so
7fca01049000-7fca010da000 r--p 00b50000 08:13 2792732                    /usr/lib/jvm/java-7-openjdk-amd64/jre/lib/amd64/server/libjvm.so
7fca010da000-7fca010fd000 rw-p 00be1000 08:13 2792732                    /usr/lib/jvm/java-7-openjdk-amd64/jre/lib/amd64/server/libjvm.so
7fca010fd000-7fca01128000 rw-p 00000000 00:00 0 
7fca01128000-7fca01142000 r-xp 00000000 08:13 1703944                    /lib/x86_64-linux-gnu/libz.so.1.2.8
7fca01142000-7fca01341000 ---p 0001a000 08:13 1703944                    /lib/x86_64-linux-gnu/libz.so.1.2.8
7fca01341000-7fca01342000 r--p 00019000 08:13 1703944                    /lib/x86_64-linux-gnu/libz.so.1.2.8
7fca01342000-7fca01343000 rw-p 0001a000 08:13 1703944                    /lib/x86_64-linux-gnu/libz.so.1.2.8
7fca01343000-7fca014dd000 r-xp 00000000 08:13 1704218                    /lib/x86_64-linux-gnu/libc-2.21.so
7fca014dd000-7fca016dd000 ---p 0019a000 08:13 1704218                    /lib/x86_64-linux-gnu/libc-2.21.so
7fca016dd000-7fca016e1000 r--p 0019a000 08:13 1704218                    /lib/x86_64-linux-gnu/libc-2.21.so
7fca016e1000-7fca016e3000 rw-p 0019e000 08:13 1704218                    /lib/x86_64-linux-gnu/libc-2.21.so
7fca016e3000-7fca016e7000 rw-p 00000000 00:00 0 
7fca016e7000-7fca016e9000 r-xp 00000000 08:13 1704350                    /lib/x86_64-linux-gnu/libdl-2.21.so
7fca016e9000-7fca018e9000 ---p 00002000 08:13 1704350                    /lib/x86_64-linux-gnu/libdl-2.21.so
7fca018e9000-7fca018ea000 r--p 00002000 08:13 1704350                    /lib/x86_64-linux-gnu/libdl-2.21.so
7fca018ea000-7fca018eb000 rw-p 00003000 08:13 1704350                    /lib/x86_64-linux-gnu/libdl-2.21.so
7fca018eb000-7fca018f8000 r-xp 00000000 08:13 2883879                    /usr/lib/jvm/java-7-openjdk-amd64/jre/lib/amd64/jli/libjli.so
7fca018f8000-7fca01af7000 ---p 0000d000 08:13 2883879                    /usr/lib/jvm/java-7-openjdk-amd64/jre/lib/amd64/jli/libjli.so
7fca01af7000-7fca01af8000 r--p 0000c000 08:13 2883879                    /usr/lib/jvm/java-7-openjdk-amd64/jre/lib/amd64/jli/libjli.so
7fca01af8000-7fca01af9000 rw-p 0000d000 08:13 2883879                    /usr/lib/jvm/java-7-openjdk-amd64/jre/lib/amd64/jli/libjli.so
7fca01af9000-7fca01b11000 r-xp 00000000 08:13 1704120                    /lib/x86_64-linux-gnu/libpthread-2.21.so
7fca01b11000-7fca01d10000 ---p 00018000 08:13 1704120                    /lib/x86_64-linux-gnu/libpthread-2.21.so
7fca01d10000-7fca01d11000 r--p 00017000 08:13 1704120                    /lib/x86_64-linux-gnu/libpthread-2.21.so
7fca01d11000-7fca01d12000 rw-p 00018000 08:13 1704120                    /lib/x86_64-linux-gnu/libpthread-2.21.so
7fca01d12000-7fca01d16000 rw-p 00000000 00:00 0 
7fca01d16000-7fca01d38000 r-xp 00000000 08:13 1704175                    /lib/x86_64-linux-gnu/ld-2.21.so
7fca01d38000-7fca01d39000 rw-p 00000000 00:00 0 
7fca01d39000-7fca01d3d000 r--s 0003c000 08:13 2890463                    /usr/lib/jvm/java-7-openjdk-amd64/jre/lib/ext/sunpkcs11.jar
7fca01d3d000-7fca01d40000 r--s 0000f000 08:13 2890460                    /usr/lib/jvm/java-7-openjdk-amd64/jre/lib/ext/icedtea-sound.jar
7fca01d40000-7fca01d42000 r--s 00007000 08:13 262791                     /usr/share/java/java-atk-wrapper.jar
7fca01d42000-7fca01d44000 r--s 00012000 08:13 2890458                    /usr/lib/jvm/java-7-openjdk-amd64/jre/lib/ext/zipfs.jar
7fca01d44000-7fca01d4e000 rw-p 00000000 00:00 0 
7fca01d4e000-7fca01e04000 rw-p 00000000 00:00 0 
7fca01e04000-7fca01e07000 ---p 00000000 00:00 0 
7fca01e07000-7fca01f0a000 rw-p 00000000 00:00 0                          [stack:20681]
7fca01f0a000-7fca01f0b000 r--s 00002000 08:13 2890462                    /usr/lib/jvm/java-7-openjdk-amd64/jre/lib/ext/dnsns.jar
7fca01f0b000-7fca01f0f000 r--s 00085000 08:13 2890461                    /usr/lib/jvm/java-7-openjdk-amd64/jre/lib/ext/localedata.jar
7fca01f0f000-7fca01f13000 r--s 00034000 08:13 2890464                    /usr/lib/jvm/java-7-openjdk-amd64/jre/lib/ext/sunjce_provider.jar
7fca01f13000-7fca01f2b000 rw-p 00000000 00:00 0 
7fca01f2b000-7fca01f33000 rw-s 00000000 08:13 1447801                    /tmp/hsperfdata_vakz/20658
7fca01f33000-7fca01f34000 rw-p 00000000 00:00 0 
7fca01f34000-7fca01f35000 ---p 00000000 00:00 0 
7fca01f35000-7fca01f37000 rw-p 00000000 00:00 0 
7fca01f37000-7fca01f38000 r--p 00021000 08:13 1704175                    /lib/x86_64-linux-gnu/ld-2.21.so
7fca01f38000-7fca01f39000 rw-p 00022000 08:13 1704175                    /lib/x86_64-linux-gnu/ld-2.21.so
7fca01f39000-7fca01f3a000 rw-p 00000000 00:00 0 
7ffe4c75f000-7ffe4c780000 rw-p 00000000 00:00 0                          [stack]
7ffe4c797000-7ffe4c799000 r--p 00000000 00:00 0                          [vvar]
7ffe4c799000-7ffe4c79b000 r-xp 00000000 00:00 0                          [vdso]
ffffffffff600000-ffffffffff601000 r-xp 00000000 00:00 0                  [vsyscall]

VM Arguments:
jvm_args: -Djava.awt.headless=true -Xmx1024M -Dfile.encoding=UTF-8 -Duser.country=US -Duser.language=en -Duser.variant 
java_command: com.android.dx.command.Main --dex --num-threads=4 --output /home/vakz/school/TDP028/projekt/BeerApp/app/build/intermediates/pre-dexed/debug/httpclient-4.3.6_139f1396c5e67e0784b849f0429b592ba6e7b39e.jar /home/vakz/.gradle/caches/modules-2/files-2.1/cz.msebera.android/httpclient/4.3.6/526a9f794eab830eae4f23a62c572878b3f491ab/httpclient-4.3.6.jar
Launcher Type: SUN_STANDARD

Environment Variables:
PATH=/home/vakz/bin:/usr/local/bin:/usr/bin:/bin:/usr/local/games:/usr/games
USERNAME=vakz
LD_LIBRARY_PATH=/home/vakz/opt/android-studio/bin:
SHELL=/bin/bash
DISPLAY=:0

Signal Handlers:
SIGSEGV: [libjvm.so+0x995440], sa_mask[0]=0x7ffbfeff, sa_flags=0x10000004
SIGBUS: [libjvm.so+0x995440], sa_mask[0]=0x7ffbfeff, sa_flags=0x10000004
SIGFPE: [libjvm.so+0x7fc630], sa_mask[0]=0x7ffbfeff, sa_flags=0x10000004
SIGPIPE: [libjvm.so+0x7fc630], sa_mask[0]=0x7ffbfeff, sa_flags=0x10000004
SIGXFSZ: [libjvm.so+0x7fc630], sa_mask[0]=0x7ffbfeff, sa_flags=0x10000004
SIGILL: [libjvm.so+0x7fc630], sa_mask[0]=0x7ffbfeff, sa_flags=0x10000004
SIGUSR1: SIG_DFL, sa_mask[0]=0x00000000, sa_flags=0x00000000
SIGUSR2: [libjvm.so+0x7fc4b0], sa_mask[0]=0x00000004, sa_flags=0x10000004
SIGHUP: [libjvm.so+0x7fc640], sa_mask[0]=0x7ffbfeff, sa_flags=0x10000004
SIGINT: [libjvm.so+0x7fc640], sa_mask[0]=0x7ffbfeff, sa_flags=0x10000004
SIGTERM: [libjvm.so+0x7fc640], sa_mask[0]=0x7ffbfeff, sa_flags=0x10000004
SIGQUIT: [libjvm.so+0x7fc640], sa_mask[0]=0x7ffbfeff, sa_flags=0x10000004
SIGTRAP: SIG_DFL, sa_mask[0]=0x00000000, sa_flags=0x00000000


---------------  S Y S T E M  ---------------

OS:stretch/sid

uname:Linux 4.3.0-1-amd64 #1 SMP Debian 4.3.3-2 (2015-12-17) x86_64
libc:glibc 2.21 NPTL 2.21 
rlimit: STACK 8192k, CORE 0k, NPROC 30766, NOFILE 65536, AS infinity
load average:47,31 16,06 7,23

/proc/meminfo:
MemTotal:        8128148 kB
MemFree:           44940 kB
MemAvailable:      74276 kB
Buffers:             760 kB
Cached:            84708 kB
SwapCached:            0 kB
Active:          7568256 kB
Inactive:          62220 kB
Active(anon):    7553160 kB
Inactive(anon):    49484 kB
Active(file):      15096 kB
Inactive(file):    12736 kB
Unevictable:          60 kB
Mlocked:              60 kB
SwapTotal:             0 kB
SwapFree:              0 kB
Dirty:               180 kB
Writeback:           256 kB
AnonPages:       7546844 kB
Mapped:           287676 kB
Shmem:             56108 kB
Slab:             110704 kB
SReclaimable:      43716 kB
SUnreclaim:        66988 kB
KernelStack:       17504 kB
PageTables:        55328 kB
NFS_Unstable:          0 kB
Bounce:                0 kB
WritebackTmp:          0 kB
CommitLimit:     4064072 kB
Committed_AS:   15940000 kB
VmallocTotal:   34359738367 kB
VmallocUsed:      129940 kB
VmallocChunk:   34359537660 kB
HardwareCorrupted:     0 kB
AnonHugePages:         0 kB
HugePages_Total:       0
HugePages_Free:        0
HugePages_Rsvd:        0
HugePages_Surp:        0
Hugepagesize:       2048 kB
DirectMap4k:     3860540 kB
DirectMap2M:     4476928 kB


CPU:total 8 (4 cores per cpu, 2 threads per core) family 6 model 42 stepping 7, cmov, cx8, fxsr, mmx, sse, sse2, sse3, ssse3, sse4.1, sse4.2, popcnt, avx, aes, ht, tsc, tscinvbit

/proc/cpuinfo:
processor	: 0
vendor_id	: GenuineIntel
cpu family	: 6
model		: 42
model name	: Intel(R) Core(TM) i7-2600K CPU @ 3.40GHz
stepping	: 7
microcode	: 0x28
cpu MHz		: 3485.398
cache size	: 8192 KB
physical id	: 0
siblings	: 8
core id		: 0
cpu cores	: 4
apicid		: 0
initial apicid	: 0
fpu		: yes
fpu_exception	: yes
cpuid level	: 13
wp		: yes
flags		: fpu vme de pse tsc msr pae mce cx8 apic sep mtrr pge mca cmov pat pse36 clflush dts acpi mmx fxsr sse sse2 ss ht tm pbe syscall nx rdtscp lm constant_tsc arch_perfmon pebs bts rep_good nopl xtopology nonstop_tsc aperfmperf eagerfpu pni pclmulqdq dtes64 monitor ds_cpl vmx est tm2 ssse3 cx16 xtpr pdcm pcid sse4_1 sse4_2 popcnt tsc_deadline_timer aes xsave avx lahf_lm ida arat epb pln pts dtherm tpr_shadow vnmi flexpriority ept vpid xsaveopt
bugs		:
bogomips	: 6800.45
clflush size	: 64
cache_alignment	: 64
address sizes	: 36 bits physical, 48 bits virtual
power management:

processor	: 1
vendor_id	: GenuineIntel
cpu family	: 6
model		: 42
model name	: Intel(R) Core(TM) i7-2600K CPU @ 3.40GHz
stepping	: 7
microcode	: 0x28
cpu MHz		: 3166.117
cache size	: 8192 KB
physical id	: 0
siblings	: 8
core id		: 1
cpu cores	: 4
apicid		: 2
initial apicid	: 2
fpu		: yes
fpu_exception	: yes
cpuid level	: 13
wp		: yes
flags		: fpu vme de pse tsc msr pae mce cx8 apic sep mtrr pge mca cmov pat pse36 clflush dts acpi mmx fxsr sse sse2 ss ht tm pbe syscall nx rdtscp lm constant_tsc arch_perfmon pebs bts rep_good nopl xtopology nonstop_tsc aperfmperf eagerfpu pni pclmulqdq dtes64 monitor ds_cpl vmx est tm2 ssse3 cx16 xtpr pdcm pcid sse4_1 sse4_2 popcnt tsc_deadline_timer aes xsave avx lahf_lm ida arat epb pln pts dtherm tpr_shadow vnmi flexpriority ept vpid xsaveopt
bugs		:
bogomips	: 6800.45
clflush size	: 64
cache_alignment	: 64
address sizes	: 36 bits physical, 48 bits virtual
power management:

processor	: 2
vendor_id	: GenuineIntel
cpu family	: 6
model		: 42
model name	: Intel(R) Core(TM) i7-2600K CPU @ 3.40GHz
stepping	: 7
microcode	: 0x28
cpu MHz		: 3280.867
cache size	: 8192 KB
physical id	: 0
siblings	: 8
core id		: 2
cpu cores	: 4
apicid		: 4
initial apicid	: 4
fpu		: yes
fpu_exception	: yes
cpuid level	: 13
wp		: yes
flags		: fpu vme de pse tsc msr pae mce cx8 apic sep mtrr pge mca cmov pat pse36 clflush dts acpi mmx fxsr sse sse2 ss ht tm pbe syscall nx rdtscp lm constant_tsc arch_perfmon pebs bts rep_good nopl xtopology nonstop_tsc aperfmperf eagerfpu pni pclmulqdq dtes64 monitor ds_cpl vmx est tm2 ssse3 cx16 xtpr pdcm pcid sse4_1 sse4_2 popcnt tsc_deadline_timer aes xsave avx lahf_lm ida arat epb pln pts dtherm tpr_shadow vnmi flexpriority ept vpid xsaveopt
bugs		:
bogomips	: 6800.45
clflush size	: 64
cache_alignment	: 64
address sizes	: 36 bits physical, 48 bits virtual
power management:

processor	: 3
vendor_id	: GenuineIntel
cpu family	: 6
model		: 42
model name	: Intel(R) Core(TM) i7-2600K CPU @ 3.40GHz
stepping	: 7
microcode	: 0x28
cpu MHz		: 2936.218
cache size	: 8192 KB
physical id	: 0
siblings	: 8
core id		: 3
cpu cores	: 4
apicid		: 6
initial apicid	: 6
fpu		: yes
fpu_exception	: yes
cpuid level	: 13
wp		: yes
flags		: fpu vme de pse tsc msr pae mce cx8 apic sep mtrr pge mca cmov pat pse36 clflush dts acpi mmx fxsr sse sse2 ss ht tm pbe syscall nx rdtscp lm constant_tsc arch_perfmon pebs bts rep_good nopl xtopology nonstop_tsc aperfmperf eagerfpu pni pclmulqdq dtes64 monitor ds_cpl vmx est tm2 ssse3 cx16 xtpr pdcm pcid sse4_1 sse4_2 popcnt tsc_deadline_timer aes xsave avx lahf_lm ida arat epb pln pts dtherm tpr_shadow vnmi flexpriority ept vpid xsaveopt
bugs		:
bogomips	: 6800.45
clflush size	: 64
cache_alignment	: 64
address sizes	: 36 bits physical, 48 bits virtual
power management:

processor	: 4
vendor_id	: GenuineIntel
cpu family	: 6
model		: 42
model name	: Intel(R) Core(TM) i7-2600K CPU @ 3.40GHz
stepping	: 7
microcode	: 0x28
cpu MHz		: 3153.500
cache size	: 8192 KB
physical id	: 0
siblings	: 8
core id		: 0
cpu cores	: 4
apicid		: 1
initial apicid	: 1
fpu		: yes
fpu_exception	: yes
cpuid level	: 13
wp		: yes
flags		: fpu vme de pse tsc msr pae mce cx8 apic sep mtrr pge mca cmov pat pse36 clflush dts acpi mmx fxsr sse sse2 ss ht tm pbe syscall nx rdtscp lm constant_tsc arch_perfmon pebs bts rep_good nopl xtopology nonstop_tsc aperfmperf eagerfpu pni pclmulqdq dtes64 monitor ds_cpl vmx est tm2 ssse3 cx16 xtpr pdcm pcid sse4_1 sse4_2 popcnt tsc_deadline_timer aes xsave avx lahf_lm ida arat epb pln pts dtherm tpr_shadow vnmi flexpriority ept vpid xsaveopt
bugs		:
bogomips	: 6800.45
clflush size	: 64
cache_alignment	: 64
address sizes	: 36 bits physical, 48 bits virtual
power management:

processor	: 5
vendor_id	: GenuineIntel
cpu family	: 6
model		: 42
model name	: Intel(R) Core(TM) i7-2600K CPU @ 3.40GHz
stepping	: 7
microcode	: 0x28
cpu MHz		: 3296.140
cache size	: 8192 KB
physical id	: 0
siblings	: 8
core id		: 1
cpu cores	: 4
apicid		: 3
initial apicid	: 3
fpu		: yes
fpu_exception	: yes
cpuid level	: 13
wp		: yes
flags		: fpu vme de pse tsc msr pae mce cx8 apic sep mtrr pge mca cmov pat pse36 clflush dts acpi mmx fxsr sse sse2 ss ht tm pbe syscall nx rdtscp lm constant_tsc arch_perfmon pebs bts rep_good nopl xtopology nonstop_tsc aperfmperf eagerfpu pni pclmulqdq dtes64 monitor ds_cpl vmx est tm2 ssse3 cx16 xtpr pdcm pcid sse4_1 sse4_2 popcnt tsc_deadline_timer aes xsave avx lahf_lm ida arat epb pln pts dtherm tpr_shadow vnmi flexpriority ept vpid xsaveopt
bugs		:
bogomips	: 6800.45
clflush size	: 64
cache_alignment	: 64
address sizes	: 36 bits physical, 48 bits virtual
power management:

processor	: 6
vendor_id	: GenuineIntel
cpu family	: 6
model		: 42
model name	: Intel(R) Core(TM) i7-2600K CPU @ 3.40GHz
stepping	: 7
microcode	: 0x28
cpu MHz		: 3324.828
cache size	: 8192 KB
physical id	: 0
siblings	: 8
core id		: 2
cpu cores	: 4
apicid		: 5
initial apicid	: 5
fpu		: yes
fpu_exception	: yes
cpuid level	: 13
wp		: yes
flags		: fpu vme de pse tsc msr pae mce cx8 apic sep mtrr pge mca cmov pat pse36 clflush dts acpi mmx fxsr sse sse2 ss ht tm pbe syscall nx rdtscp lm constant_tsc arch_perfmon pebs bts rep_good nopl xtopology nonstop_tsc aperfmperf eagerfpu pni pclmulqdq dtes64 monitor ds_cpl vmx est tm2 ssse3 cx16 xtpr pdcm pcid sse4_1 sse4_2 popcnt tsc_deadline_timer aes xsave avx lahf_lm ida arat epb pln pts dtherm tpr_shadow vnmi flexpriority ept vpid xsaveopt
bugs		:
bogomips	: 6800.45
clflush size	: 64
cache_alignment	: 64
address sizes	: 36 bits physical, 48 bits virtual
power management:

processor	: 7
vendor_id	: GenuineIntel
cpu family	: 6
model		: 42
model name	: Intel(R) Core(TM) i7-2600K CPU @ 3.40GHz
stepping	: 7
microcode	: 0x28
cpu MHz		: 3394.554
cache size	: 8192 KB
physical id	: 0
siblings	: 8
core id		: 3
cpu cores	: 4
apicid		: 7
initial apicid	: 7
fpu		: yes
fpu_exception	: yes
cpuid level	: 13
wp		: yes
flags		: fpu vme de pse tsc msr pae mce cx8 apic sep mtrr pge mca cmov pat pse36 clflush dts acpi mmx fxsr sse sse2 ss ht tm pbe syscall nx rdtscp lm constant_tsc arch_perfmon pebs bts rep_good nopl xtopology nonstop_tsc aperfmperf eagerfpu pni pclmulqdq dtes64 monitor ds_cpl vmx est tm2 ssse3 cx16 xtpr pdcm pcid sse4_1 sse4_2 popcnt tsc_deadline_timer aes xsave avx lahf_lm ida arat epb pln pts dtherm tpr_shadow vnmi flexpriority ept vpid xsaveopt
bugs		:
bogomips	: 6800.45
clflush size	: 64
cache_alignment	: 64
address sizes	: 36 bits physical, 48 bits virtual
power management:



Memory: 4k page, physical 8128148k(44940k free), swap 0k(0k free)

vm_info: OpenJDK 64-Bit Server VM (24.91-b01) for linux-amd64 JRE (1.7.0_91-b02), built on Nov 19 2015 01:34:49 by "doko" with gcc 5.2.1 20151028

time: Tue Dec 29 19:33:29 2015
elapsed time: 72 seconds

